2025-07-06 00:00:11,148 INFO [main] o.a.n.b.command.RunBootstrapCommand Java Version: 24.0.1+9-30
2025-07-06 00:00:11,155 INFO [main] o.a.n.b.command.RunBootstrapCommand Available Processors: 4
2025-07-06 00:00:11,389 INFO [main] o.a.n.b.command.RunBootstrapCommand E:\Program Files\Java\jdk-24\bin\java.exe --class-path E:\ubu\TFM\nifi-2.4.0\lib\slf4j-api-2.0.17.jar;E:\ubu\TFM\nifi-2.4.0\lib\nifi-per-process-group-logging-2.4.0.jar;E:\ubu\TFM\nifi-2.4.0\lib\jul-to-slf4j-2.0.17.jar;E:\ubu\TFM\nifi-2.4.0\lib\nifi-server-api-2.4.0.jar;E:\ubu\TFM\nifi-2.4.0\lib\nifi-runtime-2.4.0.jar;E:\ubu\TFM\nifi-2.4.0\lib\nifi-python-framework-api-2.4.0.jar;E:\ubu\TFM\nifi-2.4.0\lib\log4j-over-slf4j-2.0.17.jar;E:\ubu\TFM\nifi-2.4.0\lib\nifi-stateless-api-2.4.0.jar;E:\ubu\TFM\nifi-2.4.0\lib\nifi-properties-2.4.0.jar;E:\ubu\TFM\nifi-2.4.0\lib\nifi-nar-utils-2.4.0.jar;E:\ubu\TFM\nifi-2.4.0\lib\jcl-over-slf4j-2.0.17.jar;E:\ubu\TFM\nifi-2.4.0\lib\nifi-api-2.1.0.jar;E:\ubu\TFM\nifi-2.4.0\lib\logback-classic-1.5.18.jar;E:\ubu\TFM\nifi-2.4.0\lib\nifi-framework-api-2.4.0.jar;E:\ubu\TFM\nifi-2.4.0\lib\logback-core-1.5.18.jar;E:\ubu\TFM\nifi-2.4.0\lib\nifi-property-utils-2.4.0.jar;E:\ubu\TFM\nifi-2.4.0\conf -Dorg.apache.nifi.bootstrap.config.log.dir=E:\ubu\TFM\nifi-2.4.0\logs -Dnifi.properties.file.path=E:\ubu\TFM\nifi-2.4.0\conf\nifi.properties -Dorg.apache.nifi.management.server.address=127.0.0.1:52020 -Xms1g -Xmx1g -Dsun.net.http.allowRestrictedHeaders=true -Djava.protocol.handler.pkgs=sun.net.www.protocol -Dcurator-log-only-first-connection-issue-as-error-level=true -Djava.awt.headless=true -Djavax.security.auth.useSubjectCredsOnly=true org.apache.nifi.NiFi
2025-07-06 00:00:11,404 INFO [main] org.apache.nifi.bootstrap.Command Application Process [12596] started
2025-07-06 00:00:11,411 INFO [main] org.apache.nifi.bootstrap.Command Bootstrap Process Running
2025-07-06 00:01:11,424 INFO [StartBootstrapCommand] o.a.n.b.c.ApplicationProcessStatusBootstrapCommand Application Process [12776] running
2025-07-06 00:01:11,425 INFO [StartBootstrapCommand] o.a.n.b.command.StartBootstrapCommand Application monitoring started
2025-07-06 00:01:16,435 INFO [StartBootstrapCommand] o.a.n.b.c.ApplicationProcessStatusBootstrapCommand Application Process [12776] running
2025-07-06 00:01:21,435 INFO [StartBootstrapCommand] o.a.n.b.c.ApplicationProcessStatusBootstrapCommand Application Process [12776] running
2025-07-06 00:01:26,436 INFO [StartBootstrapCommand] o.a.n.b.c.ApplicationProcessStatusBootstrapCommand Application Process [12776] running
2025-07-06 00:01:31,436 INFO [StartBootstrapCommand] o.a.n.b.c.ApplicationProcessStatusBootstrapCommand Application Process [12776] running
2025-07-06 00:01:36,437 INFO [StartBootstrapCommand] o.a.n.b.c.ApplicationProcessStatusBootstrapCommand Application Process [12776] running
2025-07-06 00:01:41,437 INFO [StartBootstrapCommand] o.a.n.b.c.ApplicationProcessStatusBootstrapCommand Application Process [12776] running
2025-07-06 00:01:46,434 INFO [StartBootstrapCommand] o.a.n.b.c.ApplicationProcessStatusBootstrapCommand Application Process [12776] running
2025-07-06 00:01:51,440 INFO [StartBootstrapCommand] o.a.n.b.c.ApplicationProcessStatusBootstrapCommand Application Process [12776] running
2025-07-06 00:01:56,435 INFO [StartBootstrapCommand] o.a.n.b.c.ApplicationProcessStatusBootstrapCommand Application Process [12776] running
2025-07-06 00:02:01,437 INFO [StartBootstrapCommand] o.a.n.b.c.ApplicationProcessStatusBootstrapCommand Application Process [12776] running
2025-07-06 00:02:06,440 INFO [StartBootstrapCommand] o.a.n.b.c.ApplicationProcessStatusBootstrapCommand Application Process [12776] running
2025-07-06 00:02:11,435 INFO [StartBootstrapCommand] o.a.n.b.c.ApplicationProcessStatusBootstrapCommand Application Process [12776] running
2025-07-06 00:02:16,434 INFO [StartBootstrapCommand] o.a.n.b.c.ApplicationProcessStatusBootstrapCommand Application Process [12776] running
2025-07-06 00:02:21,434 INFO [StartBootstrapCommand] o.a.n.b.c.ApplicationProcessStatusBootstrapCommand Application Process [12776] running
2025-07-06 00:02:26,433 INFO [StartBootstrapCommand] o.a.n.b.c.ApplicationProcessStatusBootstrapCommand Application Process [12776] running
2025-07-06 00:02:31,434 INFO [StartBootstrapCommand] o.a.n.b.c.ApplicationProcessStatusBootstrapCommand Application Process [12776] running
2025-07-06 00:02:36,435 INFO [StartBootstrapCommand] o.a.n.b.c.ApplicationProcessStatusBootstrapCommand Application Process [12776] running
2025-07-06 00:02:41,434 INFO [StartBootstrapCommand] o.a.n.b.c.ApplicationProcessStatusBootstrapCommand Application Process [12776] running
2025-07-06 00:02:46,434 INFO [StartBootstrapCommand] o.a.n.b.c.ApplicationProcessStatusBootstrapCommand Application Process [12776] running
2025-07-06 00:02:51,434 INFO [StartBootstrapCommand] o.a.n.b.c.ApplicationProcessStatusBootstrapCommand Application Process [12776] running
2025-07-06 00:02:56,434 INFO [StartBootstrapCommand] o.a.n.b.c.ApplicationProcessStatusBootstrapCommand Application Process [12776] running
2025-07-06 00:03:02,032 INFO [StartBootstrapCommand] o.a.n.b.c.ApplicationProcessStatusBootstrapCommand Application Process [12776] running
2025-07-06 00:03:06,943 INFO [StartBootstrapCommand] o.a.n.b.c.ApplicationProcessStatusBootstrapCommand Application Process [12776] running
2025-07-06 00:03:11,453 INFO [StartBootstrapCommand] o.a.n.b.c.ApplicationProcessStatusBootstrapCommand Application Process [12776] running
2025-07-06 00:03:16,577 INFO [StartBootstrapCommand] o.a.n.b.c.ApplicationProcessStatusBootstrapCommand Application Process [12776] running
2025-07-06 00:03:21,446 INFO [StartBootstrapCommand] o.a.n.b.c.ApplicationProcessStatusBootstrapCommand Application Process [12776] running
2025-07-06 00:03:26,435 INFO [StartBootstrapCommand] o.a.n.b.c.ApplicationProcessStatusBootstrapCommand Application Process [12776] running
2025-07-06 00:03:31,450 INFO [StartBootstrapCommand] o.a.n.b.c.ApplicationProcessStatusBootstrapCommand Application Process [12776] running
2025-07-06 00:03:36,472 INFO [StartBootstrapCommand] o.a.n.b.c.ApplicationProcessStatusBootstrapCommand Application Process [12776] running
2025-07-06 00:03:41,440 INFO [StartBootstrapCommand] o.a.n.b.c.ApplicationProcessStatusBootstrapCommand Application Process [12776] running
2025-07-06 00:03:46,504 INFO [StartBootstrapCommand] o.a.n.b.c.ApplicationProcessStatusBootstrapCommand Application Process [12776] running
2025-07-06 00:03:51,434 INFO [StartBootstrapCommand] o.a.n.b.c.ApplicationProcessStatusBootstrapCommand Application Process [12776] running
2025-07-06 00:03:56,436 INFO [StartBootstrapCommand] o.a.n.b.c.ApplicationProcessStatusBootstrapCommand Application Process [12776] running
2025-07-06 00:04:01,453 INFO [StartBootstrapCommand] o.a.n.b.c.ApplicationProcessStatusBootstrapCommand Application Process [12776] running
2025-07-06 00:04:06,438 INFO [StartBootstrapCommand] o.a.n.b.c.ApplicationProcessStatusBootstrapCommand Application Process [12776] running
2025-07-06 00:04:11,434 INFO [StartBootstrapCommand] o.a.n.b.c.ApplicationProcessStatusBootstrapCommand Application Process [12776] running
2025-07-06 00:04:16,435 INFO [StartBootstrapCommand] o.a.n.b.c.ApplicationProcessStatusBootstrapCommand Application Process [12776] running
2025-07-06 00:04:21,434 INFO [StartBootstrapCommand] o.a.n.b.c.ApplicationProcessStatusBootstrapCommand Application Process [12776] running
2025-07-06 00:04:26,443 INFO [StartBootstrapCommand] o.a.n.b.c.ApplicationProcessStatusBootstrapCommand Application Process [12776] running
2025-07-06 00:04:31,435 INFO [StartBootstrapCommand] o.a.n.b.c.ApplicationProcessStatusBootstrapCommand Application Process [12776] running
2025-07-06 00:04:36,435 INFO [StartBootstrapCommand] o.a.n.b.c.ApplicationProcessStatusBootstrapCommand Application Process [12776] running
2025-07-06 00:04:41,434 INFO [StartBootstrapCommand] o.a.n.b.c.ApplicationProcessStatusBootstrapCommand Application Process [12776] running
2025-07-06 00:04:46,435 INFO [StartBootstrapCommand] o.a.n.b.c.ApplicationProcessStatusBootstrapCommand Application Process [12776] running
2025-07-06 00:04:51,435 INFO [StartBootstrapCommand] o.a.n.b.c.ApplicationProcessStatusBootstrapCommand Application Process [12776] running
2025-07-06 00:04:56,436 INFO [StartBootstrapCommand] o.a.n.b.c.ApplicationProcessStatusBootstrapCommand Application Process [12776] running
2025-07-06 00:05:01,435 INFO [StartBootstrapCommand] o.a.n.b.c.ApplicationProcessStatusBootstrapCommand Application Process [12776] running
2025-07-06 00:05:06,434 INFO [StartBootstrapCommand] o.a.n.b.c.ApplicationProcessStatusBootstrapCommand Application Process [12776] running
2025-07-06 00:05:11,434 INFO [StartBootstrapCommand] o.a.n.b.c.ApplicationProcessStatusBootstrapCommand Application Process [12776] running
2025-07-06 00:05:16,439 INFO [StartBootstrapCommand] o.a.n.b.c.ApplicationProcessStatusBootstrapCommand Application Process [12776] running
2025-07-06 00:05:21,433 INFO [StartBootstrapCommand] o.a.n.b.c.ApplicationProcessStatusBootstrapCommand Application Process [12776] running
2025-07-06 00:05:26,433 INFO [StartBootstrapCommand] o.a.n.b.c.ApplicationProcessStatusBootstrapCommand Application Process [12776] running
2025-07-06 00:05:31,433 INFO [StartBootstrapCommand] o.a.n.b.c.ApplicationProcessStatusBootstrapCommand Application Process [12776] running
2025-07-06 00:05:36,435 INFO [StartBootstrapCommand] o.a.n.b.c.ApplicationProcessStatusBootstrapCommand Application Process [12776] running
2025-07-06 00:05:41,433 INFO [StartBootstrapCommand] o.a.n.b.c.ApplicationProcessStatusBootstrapCommand Application Process [12776] running
2025-07-06 00:05:46,433 INFO [StartBootstrapCommand] o.a.n.b.c.ApplicationProcessStatusBootstrapCommand Application Process [12776] running
2025-07-06 00:05:51,433 INFO [StartBootstrapCommand] o.a.n.b.c.ApplicationProcessStatusBootstrapCommand Application Process [12776] running
2025-07-06 00:05:56,433 INFO [StartBootstrapCommand] o.a.n.b.c.ApplicationProcessStatusBootstrapCommand Application Process [12776] running
2025-07-06 00:06:01,433 INFO [StartBootstrapCommand] o.a.n.b.c.ApplicationProcessStatusBootstrapCommand Application Process [12776] running
2025-07-06 00:06:06,434 INFO [StartBootstrapCommand] o.a.n.b.c.ApplicationProcessStatusBootstrapCommand Application Process [12776] running
2025-07-06 00:06:11,434 INFO [StartBootstrapCommand] o.a.n.b.c.ApplicationProcessStatusBootstrapCommand Application Process [12776] running
2025-07-06 00:06:16,434 INFO [StartBootstrapCommand] o.a.n.b.c.ApplicationProcessStatusBootstrapCommand Application Process [12776] running
2025-07-06 00:06:21,433 INFO [StartBootstrapCommand] o.a.n.b.c.ApplicationProcessStatusBootstrapCommand Application Process [12776] running
2025-07-06 00:06:26,434 INFO [StartBootstrapCommand] o.a.n.b.c.ApplicationProcessStatusBootstrapCommand Application Process [12776] running
2025-07-06 00:06:31,434 INFO [StartBootstrapCommand] o.a.n.b.c.ApplicationProcessStatusBootstrapCommand Application Process [12776] running
2025-07-06 00:06:36,438 INFO [StartBootstrapCommand] o.a.n.b.c.ApplicationProcessStatusBootstrapCommand Application Process [12776] running
2025-07-06 00:06:41,435 INFO [StartBootstrapCommand] o.a.n.b.c.ApplicationProcessStatusBootstrapCommand Application Process [12776] running
2025-07-06 00:06:46,434 INFO [StartBootstrapCommand] o.a.n.b.c.ApplicationProcessStatusBootstrapCommand Application Process [12776] running
2025-07-06 00:06:51,433 INFO [StartBootstrapCommand] o.a.n.b.c.ApplicationProcessStatusBootstrapCommand Application Process [12776] running
2025-07-06 00:06:56,436 INFO [StartBootstrapCommand] o.a.n.b.c.ApplicationProcessStatusBootstrapCommand Application Process [12776] running
2025-07-06 00:07:01,432 INFO [StartBootstrapCommand] o.a.n.b.c.ApplicationProcessStatusBootstrapCommand Application Process [12776] running
2025-07-06 00:07:06,434 INFO [StartBootstrapCommand] o.a.n.b.c.ApplicationProcessStatusBootstrapCommand Application Process [12776] running
2025-07-06 00:07:11,434 INFO [StartBootstrapCommand] o.a.n.b.c.ApplicationProcessStatusBootstrapCommand Application Process [12776] running
2025-07-06 00:07:16,433 INFO [StartBootstrapCommand] o.a.n.b.c.ApplicationProcessStatusBootstrapCommand Application Process [12776] running
2025-07-06 00:07:21,433 INFO [StartBootstrapCommand] o.a.n.b.c.ApplicationProcessStatusBootstrapCommand Application Process [12776] running
2025-07-06 00:07:26,433 INFO [StartBootstrapCommand] o.a.n.b.c.ApplicationProcessStatusBootstrapCommand Application Process [12776] running
2025-07-06 00:07:31,434 INFO [StartBootstrapCommand] o.a.n.b.c.ApplicationProcessStatusBootstrapCommand Application Process [12776] running
2025-07-06 00:07:36,438 INFO [StartBootstrapCommand] o.a.n.b.c.ApplicationProcessStatusBootstrapCommand Application Process [12776] running
2025-07-06 00:07:41,434 INFO [StartBootstrapCommand] o.a.n.b.c.ApplicationProcessStatusBootstrapCommand Application Process [12776] running
2025-07-06 00:07:46,434 INFO [StartBootstrapCommand] o.a.n.b.c.ApplicationProcessStatusBootstrapCommand Application Process [12776] running
2025-07-06 00:07:51,434 INFO [StartBootstrapCommand] o.a.n.b.c.ApplicationProcessStatusBootstrapCommand Application Process [12776] running
2025-07-06 00:07:56,434 INFO [StartBootstrapCommand] o.a.n.b.c.ApplicationProcessStatusBootstrapCommand Application Process [12776] running
2025-07-06 00:08:01,434 INFO [StartBootstrapCommand] o.a.n.b.c.ApplicationProcessStatusBootstrapCommand Application Process [12776] running
2025-07-06 00:08:06,434 INFO [StartBootstrapCommand] o.a.n.b.c.ApplicationProcessStatusBootstrapCommand Application Process [12776] running
2025-07-06 00:08:11,434 INFO [StartBootstrapCommand] o.a.n.b.c.ApplicationProcessStatusBootstrapCommand Application Process [12776] running
2025-07-06 00:08:16,434 INFO [StartBootstrapCommand] o.a.n.b.c.ApplicationProcessStatusBootstrapCommand Application Process [12776] running
2025-07-06 00:08:21,434 INFO [StartBootstrapCommand] o.a.n.b.c.ApplicationProcessStatusBootstrapCommand Application Process [12776] running
2025-07-06 00:08:26,434 INFO [StartBootstrapCommand] o.a.n.b.c.ApplicationProcessStatusBootstrapCommand Application Process [12776] running
2025-07-06 00:08:31,434 INFO [StartBootstrapCommand] o.a.n.b.c.ApplicationProcessStatusBootstrapCommand Application Process [12776] running
2025-07-06 00:08:36,432 INFO [StartBootstrapCommand] o.a.n.b.c.ApplicationProcessStatusBootstrapCommand Application Process [12776] running
2025-07-06 00:08:41,440 INFO [StartBootstrapCommand] o.a.n.b.c.ApplicationProcessStatusBootstrapCommand Application Process [12776] running
2025-07-06 00:08:46,433 INFO [StartBootstrapCommand] o.a.n.b.c.ApplicationProcessStatusBootstrapCommand Application Process [12776] running
2025-07-06 00:08:51,433 INFO [StartBootstrapCommand] o.a.n.b.c.ApplicationProcessStatusBootstrapCommand Application Process [12776] running
2025-07-06 00:08:56,434 INFO [StartBootstrapCommand] o.a.n.b.c.ApplicationProcessStatusBootstrapCommand Application Process [12776] running
2025-07-06 00:09:01,434 INFO [StartBootstrapCommand] o.a.n.b.c.ApplicationProcessStatusBootstrapCommand Application Process [12776] running
2025-07-06 00:09:06,433 INFO [StartBootstrapCommand] o.a.n.b.c.ApplicationProcessStatusBootstrapCommand Application Process [12776] running
2025-07-06 00:09:11,435 INFO [StartBootstrapCommand] o.a.n.b.c.ApplicationProcessStatusBootstrapCommand Application Process [12776] running
2025-07-06 00:09:16,435 INFO [StartBootstrapCommand] o.a.n.b.c.ApplicationProcessStatusBootstrapCommand Application Process [12776] running
2025-07-06 00:09:21,434 INFO [StartBootstrapCommand] o.a.n.b.c.ApplicationProcessStatusBootstrapCommand Application Process [12776] running
2025-07-06 00:09:26,434 INFO [StartBootstrapCommand] o.a.n.b.c.ApplicationProcessStatusBootstrapCommand Application Process [12776] running
2025-07-06 00:09:31,434 INFO [StartBootstrapCommand] o.a.n.b.c.ApplicationProcessStatusBootstrapCommand Application Process [12776] running
2025-07-06 00:09:36,434 INFO [StartBootstrapCommand] o.a.n.b.c.ApplicationProcessStatusBootstrapCommand Application Process [12776] running
2025-07-06 00:09:41,434 INFO [StartBootstrapCommand] o.a.n.b.c.ApplicationProcessStatusBootstrapCommand Application Process [12776] running
2025-07-06 00:09:46,434 INFO [StartBootstrapCommand] o.a.n.b.c.ApplicationProcessStatusBootstrapCommand Application Process [12776] running
2025-07-06 00:09:51,434 INFO [StartBootstrapCommand] o.a.n.b.c.ApplicationProcessStatusBootstrapCommand Application Process [12776] running
2025-07-06 00:09:56,435 INFO [StartBootstrapCommand] o.a.n.b.c.ApplicationProcessStatusBootstrapCommand Application Process [12776] running
2025-07-06 00:10:01,434 INFO [StartBootstrapCommand] o.a.n.b.c.ApplicationProcessStatusBootstrapCommand Application Process [12776] running
2025-07-06 00:10:06,434 INFO [StartBootstrapCommand] o.a.n.b.c.ApplicationProcessStatusBootstrapCommand Application Process [12776] running
2025-07-06 00:10:11,433 INFO [StartBootstrapCommand] o.a.n.b.c.ApplicationProcessStatusBootstrapCommand Application Process [12776] running
2025-07-06 00:10:16,435 INFO [StartBootstrapCommand] o.a.n.b.c.ApplicationProcessStatusBootstrapCommand Application Process [12776] running
2025-07-06 00:10:21,434 INFO [StartBootstrapCommand] o.a.n.b.c.ApplicationProcessStatusBootstrapCommand Application Process [12776] running
2025-07-06 00:10:26,433 INFO [StartBootstrapCommand] o.a.n.b.c.ApplicationProcessStatusBootstrapCommand Application Process [12776] running
2025-07-06 00:10:31,434 INFO [StartBootstrapCommand] o.a.n.b.c.ApplicationProcessStatusBootstrapCommand Application Process [12776] running
2025-07-06 00:10:36,434 INFO [StartBootstrapCommand] o.a.n.b.c.ApplicationProcessStatusBootstrapCommand Application Process [12776] running
2025-07-06 00:10:41,434 INFO [StartBootstrapCommand] o.a.n.b.c.ApplicationProcessStatusBootstrapCommand Application Process [12776] running
2025-07-06 00:10:46,433 INFO [StartBootstrapCommand] o.a.n.b.c.ApplicationProcessStatusBootstrapCommand Application Process [12776] running
2025-07-06 00:10:51,435 INFO [StartBootstrapCommand] o.a.n.b.c.ApplicationProcessStatusBootstrapCommand Application Process [12776] running
2025-07-06 00:10:56,433 INFO [StartBootstrapCommand] o.a.n.b.c.ApplicationProcessStatusBootstrapCommand Application Process [12776] running
2025-07-06 00:11:01,435 INFO [StartBootstrapCommand] o.a.n.b.c.ApplicationProcessStatusBootstrapCommand Application Process [12776] running
2025-07-06 00:11:06,433 INFO [StartBootstrapCommand] o.a.n.b.c.ApplicationProcessStatusBootstrapCommand Application Process [12776] running
2025-07-06 00:11:11,434 INFO [StartBootstrapCommand] o.a.n.b.c.ApplicationProcessStatusBootstrapCommand Application Process [12776] running
2025-07-06 00:11:16,435 INFO [StartBootstrapCommand] o.a.n.b.c.ApplicationProcessStatusBootstrapCommand Application Process [12776] running
2025-07-06 00:11:21,433 INFO [StartBootstrapCommand] o.a.n.b.c.ApplicationProcessStatusBootstrapCommand Application Process [12776] running
2025-07-06 00:11:26,438 INFO [StartBootstrapCommand] o.a.n.b.c.ApplicationProcessStatusBootstrapCommand Application Process [12776] running
2025-07-06 00:11:31,434 INFO [StartBootstrapCommand] o.a.n.b.c.ApplicationProcessStatusBootstrapCommand Application Process [12776] running
2025-07-06 00:11:36,435 INFO [StartBootstrapCommand] o.a.n.b.c.ApplicationProcessStatusBootstrapCommand Application Process [12776] running
2025-07-06 00:11:41,435 INFO [StartBootstrapCommand] o.a.n.b.c.ApplicationProcessStatusBootstrapCommand Application Process [12776] running
2025-07-06 00:11:46,442 INFO [StartBootstrapCommand] o.a.n.b.c.ApplicationProcessStatusBootstrapCommand Application Process [12776] running
2025-07-06 00:11:51,435 INFO [StartBootstrapCommand] o.a.n.b.c.ApplicationProcessStatusBootstrapCommand Application Process [12776] running
2025-07-06 00:11:56,435 INFO [StartBootstrapCommand] o.a.n.b.c.ApplicationProcessStatusBootstrapCommand Application Process [12776] running
2025-07-06 00:12:01,434 INFO [StartBootstrapCommand] o.a.n.b.c.ApplicationProcessStatusBootstrapCommand Application Process [12776] running
2025-07-06 00:12:06,434 INFO [StartBootstrapCommand] o.a.n.b.c.ApplicationProcessStatusBootstrapCommand Application Process [12776] running
2025-07-06 00:12:11,433 INFO [StartBootstrapCommand] o.a.n.b.c.ApplicationProcessStatusBootstrapCommand Application Process [12776] running
2025-07-06 00:12:16,435 INFO [StartBootstrapCommand] o.a.n.b.c.ApplicationProcessStatusBootstrapCommand Application Process [12776] running
2025-07-06 00:12:21,434 INFO [StartBootstrapCommand] o.a.n.b.c.ApplicationProcessStatusBootstrapCommand Application Process [12776] running
2025-07-06 00:12:26,435 INFO [StartBootstrapCommand] o.a.n.b.c.ApplicationProcessStatusBootstrapCommand Application Process [12776] running
2025-07-06 00:12:31,436 INFO [StartBootstrapCommand] o.a.n.b.c.ApplicationProcessStatusBootstrapCommand Application Process [12776] running
2025-07-06 00:12:36,435 INFO [StartBootstrapCommand] o.a.n.b.c.ApplicationProcessStatusBootstrapCommand Application Process [12776] running
2025-07-06 00:12:41,434 INFO [StartBootstrapCommand] o.a.n.b.c.ApplicationProcessStatusBootstrapCommand Application Process [12776] running
2025-07-06 00:12:46,436 INFO [StartBootstrapCommand] o.a.n.b.c.ApplicationProcessStatusBootstrapCommand Application Process [12776] running
2025-07-06 00:12:51,434 INFO [StartBootstrapCommand] o.a.n.b.c.ApplicationProcessStatusBootstrapCommand Application Process [12776] running
2025-07-06 00:12:56,436 INFO [StartBootstrapCommand] o.a.n.b.c.ApplicationProcessStatusBootstrapCommand Application Process [12776] running
2025-07-06 00:13:01,435 INFO [StartBootstrapCommand] o.a.n.b.c.ApplicationProcessStatusBootstrapCommand Application Process [12776] running
2025-07-06 00:13:06,434 INFO [StartBootstrapCommand] o.a.n.b.c.ApplicationProcessStatusBootstrapCommand Application Process [12776] running
2025-07-06 00:13:11,434 INFO [StartBootstrapCommand] o.a.n.b.c.ApplicationProcessStatusBootstrapCommand Application Process [12776] running
2025-07-06 00:13:16,433 INFO [StartBootstrapCommand] o.a.n.b.c.ApplicationProcessStatusBootstrapCommand Application Process [12776] running
2025-07-06 00:13:21,434 INFO [StartBootstrapCommand] o.a.n.b.c.ApplicationProcessStatusBootstrapCommand Application Process [12776] running
2025-07-06 00:13:26,432 INFO [StartBootstrapCommand] o.a.n.b.c.ApplicationProcessStatusBootstrapCommand Application Process [12776] running
2025-07-06 00:13:31,433 INFO [StartBootstrapCommand] o.a.n.b.c.ApplicationProcessStatusBootstrapCommand Application Process [12776] running
2025-07-06 00:13:36,434 INFO [StartBootstrapCommand] o.a.n.b.c.ApplicationProcessStatusBootstrapCommand Application Process [12776] running
2025-07-06 00:13:41,434 INFO [StartBootstrapCommand] o.a.n.b.c.ApplicationProcessStatusBootstrapCommand Application Process [12776] running
2025-07-06 00:13:46,435 INFO [StartBootstrapCommand] o.a.n.b.c.ApplicationProcessStatusBootstrapCommand Application Process [12776] running
2025-07-06 00:13:51,432 INFO [StartBootstrapCommand] o.a.n.b.c.ApplicationProcessStatusBootstrapCommand Application Process [12776] running
2025-07-06 00:13:56,434 INFO [StartBootstrapCommand] o.a.n.b.c.ApplicationProcessStatusBootstrapCommand Application Process [12776] running
2025-07-06 00:14:01,436 INFO [StartBootstrapCommand] o.a.n.b.c.ApplicationProcessStatusBootstrapCommand Application Process [12776] running
2025-07-06 00:14:06,435 INFO [StartBootstrapCommand] o.a.n.b.c.ApplicationProcessStatusBootstrapCommand Application Process [12776] running
2025-07-06 00:14:11,434 INFO [StartBootstrapCommand] o.a.n.b.c.ApplicationProcessStatusBootstrapCommand Application Process [12776] running
2025-07-06 00:14:16,436 INFO [StartBootstrapCommand] o.a.n.b.c.ApplicationProcessStatusBootstrapCommand Application Process [12776] running
2025-07-06 00:14:21,435 INFO [StartBootstrapCommand] o.a.n.b.c.ApplicationProcessStatusBootstrapCommand Application Process [12776] running
2025-07-06 00:14:26,439 INFO [StartBootstrapCommand] o.a.n.b.c.ApplicationProcessStatusBootstrapCommand Application Process [12776] running
2025-07-06 00:14:31,437 INFO [StartBootstrapCommand] o.a.n.b.c.ApplicationProcessStatusBootstrapCommand Application Process [12776] running
2025-07-06 00:14:36,435 INFO [StartBootstrapCommand] o.a.n.b.c.ApplicationProcessStatusBootstrapCommand Application Process [12776] running
2025-07-06 00:14:41,438 INFO [StartBootstrapCommand] o.a.n.b.c.ApplicationProcessStatusBootstrapCommand Application Process [12776] running
2025-07-06 00:14:46,440 INFO [StartBootstrapCommand] o.a.n.b.c.ApplicationProcessStatusBootstrapCommand Application Process [12776] running
2025-07-06 00:14:51,441 INFO [StartBootstrapCommand] o.a.n.b.c.ApplicationProcessStatusBootstrapCommand Application Process [12776] running
2025-07-06 00:14:56,433 INFO [StartBootstrapCommand] o.a.n.b.c.ApplicationProcessStatusBootstrapCommand Application Process [12776] running
2025-07-06 00:15:01,434 INFO [StartBootstrapCommand] o.a.n.b.c.ApplicationProcessStatusBootstrapCommand Application Process [12776] running
2025-07-06 00:15:06,440 INFO [StartBootstrapCommand] o.a.n.b.c.ApplicationProcessStatusBootstrapCommand Application Process [12776] running
2025-07-06 00:15:11,434 INFO [StartBootstrapCommand] o.a.n.b.c.ApplicationProcessStatusBootstrapCommand Application Process [12776] running
2025-07-06 00:15:16,434 INFO [StartBootstrapCommand] o.a.n.b.c.ApplicationProcessStatusBootstrapCommand Application Process [12776] running
2025-07-06 00:15:21,433 INFO [StartBootstrapCommand] o.a.n.b.c.ApplicationProcessStatusBootstrapCommand Application Process [12776] running
2025-07-06 00:15:26,434 INFO [StartBootstrapCommand] o.a.n.b.c.ApplicationProcessStatusBootstrapCommand Application Process [12776] running
2025-07-06 00:15:31,434 INFO [StartBootstrapCommand] o.a.n.b.c.ApplicationProcessStatusBootstrapCommand Application Process [12776] running
2025-07-06 00:15:36,435 INFO [StartBootstrapCommand] o.a.n.b.c.ApplicationProcessStatusBootstrapCommand Application Process [12776] running
2025-07-06 00:15:41,448 INFO [StartBootstrapCommand] o.a.n.b.c.ApplicationProcessStatusBootstrapCommand Application Process [12776] running
2025-07-06 00:15:46,439 INFO [StartBootstrapCommand] o.a.n.b.c.ApplicationProcessStatusBootstrapCommand Application Process [12776] running
2025-07-06 00:15:51,437 INFO [StartBootstrapCommand] o.a.n.b.c.ApplicationProcessStatusBootstrapCommand Application Process [12776] running
2025-07-06 00:15:56,434 INFO [StartBootstrapCommand] o.a.n.b.c.ApplicationProcessStatusBootstrapCommand Application Process [12776] running
2025-07-06 00:16:01,435 INFO [StartBootstrapCommand] o.a.n.b.c.ApplicationProcessStatusBootstrapCommand Application Process [12776] running
2025-07-06 00:16:06,433 INFO [StartBootstrapCommand] o.a.n.b.c.ApplicationProcessStatusBootstrapCommand Application Process [12776] running
2025-07-06 00:16:11,434 INFO [StartBootstrapCommand] o.a.n.b.c.ApplicationProcessStatusBootstrapCommand Application Process [12776] running
2025-07-06 00:16:16,434 INFO [StartBootstrapCommand] o.a.n.b.c.ApplicationProcessStatusBootstrapCommand Application Process [12776] running
2025-07-06 00:16:21,438 INFO [StartBootstrapCommand] o.a.n.b.c.ApplicationProcessStatusBootstrapCommand Application Process [12776] running
2025-07-06 00:16:26,435 INFO [StartBootstrapCommand] o.a.n.b.c.ApplicationProcessStatusBootstrapCommand Application Process [12776] running
2025-07-06 00:16:31,447 INFO [StartBootstrapCommand] o.a.n.b.c.ApplicationProcessStatusBootstrapCommand Application Process [12776] running
2025-07-06 00:16:36,434 INFO [StartBootstrapCommand] o.a.n.b.c.ApplicationProcessStatusBootstrapCommand Application Process [12776] running
2025-07-06 00:16:41,437 INFO [StartBootstrapCommand] o.a.n.b.c.ApplicationProcessStatusBootstrapCommand Application Process [12776] running
2025-07-06 00:16:46,433 INFO [StartBootstrapCommand] o.a.n.b.c.ApplicationProcessStatusBootstrapCommand Application Process [12776] running
2025-07-06 00:16:51,433 INFO [StartBootstrapCommand] o.a.n.b.c.ApplicationProcessStatusBootstrapCommand Application Process [12776] running
2025-07-06 00:16:56,434 INFO [StartBootstrapCommand] o.a.n.b.c.ApplicationProcessStatusBootstrapCommand Application Process [12776] running
2025-07-06 00:17:01,434 INFO [StartBootstrapCommand] o.a.n.b.c.ApplicationProcessStatusBootstrapCommand Application Process [12776] running
2025-07-06 00:17:06,434 INFO [StartBootstrapCommand] o.a.n.b.c.ApplicationProcessStatusBootstrapCommand Application Process [12776] running
2025-07-06 00:17:11,434 INFO [StartBootstrapCommand] o.a.n.b.c.ApplicationProcessStatusBootstrapCommand Application Process [12776] running
2025-07-06 00:17:16,434 INFO [StartBootstrapCommand] o.a.n.b.c.ApplicationProcessStatusBootstrapCommand Application Process [12776] running
2025-07-06 00:17:21,434 INFO [StartBootstrapCommand] o.a.n.b.c.ApplicationProcessStatusBootstrapCommand Application Process [12776] running
2025-07-06 00:17:26,433 INFO [StartBootstrapCommand] o.a.n.b.c.ApplicationProcessStatusBootstrapCommand Application Process [12776] running
2025-07-06 00:17:31,435 INFO [StartBootstrapCommand] o.a.n.b.c.ApplicationProcessStatusBootstrapCommand Application Process [12776] running
2025-07-06 00:17:36,434 INFO [StartBootstrapCommand] o.a.n.b.c.ApplicationProcessStatusBootstrapCommand Application Process [12776] running
2025-07-06 00:17:41,436 INFO [StartBootstrapCommand] o.a.n.b.c.ApplicationProcessStatusBootstrapCommand Application Process [12776] running
2025-07-06 00:17:46,433 INFO [StartBootstrapCommand] o.a.n.b.c.ApplicationProcessStatusBootstrapCommand Application Process [12776] running
2025-07-06 00:17:51,434 INFO [StartBootstrapCommand] o.a.n.b.c.ApplicationProcessStatusBootstrapCommand Application Process [12776] running
2025-07-06 00:17:56,469 INFO [StartBootstrapCommand] o.a.n.b.c.ApplicationProcessStatusBootstrapCommand Application Process [12776] running
2025-07-06 00:18:01,435 INFO [StartBootstrapCommand] o.a.n.b.c.ApplicationProcessStatusBootstrapCommand Application Process [12776] running
2025-07-06 00:18:06,433 INFO [StartBootstrapCommand] o.a.n.b.c.ApplicationProcessStatusBootstrapCommand Application Process [12776] running
2025-07-06 00:18:11,433 INFO [StartBootstrapCommand] o.a.n.b.c.ApplicationProcessStatusBootstrapCommand Application Process [12776] running
2025-07-06 00:18:16,434 INFO [StartBootstrapCommand] o.a.n.b.c.ApplicationProcessStatusBootstrapCommand Application Process [12776] running
2025-07-06 00:18:21,437 INFO [StartBootstrapCommand] o.a.n.b.c.ApplicationProcessStatusBootstrapCommand Application Process [12776] running
2025-07-06 00:18:26,437 INFO [StartBootstrapCommand] o.a.n.b.c.ApplicationProcessStatusBootstrapCommand Application Process [12776] running
2025-07-06 00:18:31,434 INFO [StartBootstrapCommand] o.a.n.b.c.ApplicationProcessStatusBootstrapCommand Application Process [12776] running
2025-07-06 00:18:36,437 INFO [StartBootstrapCommand] o.a.n.b.c.ApplicationProcessStatusBootstrapCommand Application Process [12776] running
2025-07-06 00:18:41,434 INFO [StartBootstrapCommand] o.a.n.b.c.ApplicationProcessStatusBootstrapCommand Application Process [12776] running
2025-07-06 00:18:46,434 INFO [StartBootstrapCommand] o.a.n.b.c.ApplicationProcessStatusBootstrapCommand Application Process [12776] running
2025-07-06 00:18:51,434 INFO [StartBootstrapCommand] o.a.n.b.c.ApplicationProcessStatusBootstrapCommand Application Process [12776] running
2025-07-06 00:18:56,433 INFO [StartBootstrapCommand] o.a.n.b.c.ApplicationProcessStatusBootstrapCommand Application Process [12776] running
2025-07-06 00:19:01,435 INFO [StartBootstrapCommand] o.a.n.b.c.ApplicationProcessStatusBootstrapCommand Application Process [12776] running
2025-07-06 00:19:06,434 INFO [StartBootstrapCommand] o.a.n.b.c.ApplicationProcessStatusBootstrapCommand Application Process [12776] running
2025-07-06 00:19:11,435 INFO [StartBootstrapCommand] o.a.n.b.c.ApplicationProcessStatusBootstrapCommand Application Process [12776] running
2025-07-06 00:19:16,438 INFO [StartBootstrapCommand] o.a.n.b.c.ApplicationProcessStatusBootstrapCommand Application Process [12776] running
2025-07-06 00:19:21,434 INFO [StartBootstrapCommand] o.a.n.b.c.ApplicationProcessStatusBootstrapCommand Application Process [12776] running
2025-07-06 00:19:26,437 INFO [StartBootstrapCommand] o.a.n.b.c.ApplicationProcessStatusBootstrapCommand Application Process [12776] running
2025-07-06 00:19:31,436 INFO [StartBootstrapCommand] o.a.n.b.c.ApplicationProcessStatusBootstrapCommand Application Process [12776] running
2025-07-06 00:19:36,434 INFO [StartBootstrapCommand] o.a.n.b.c.ApplicationProcessStatusBootstrapCommand Application Process [12776] running
2025-07-06 00:19:41,435 INFO [StartBootstrapCommand] o.a.n.b.c.ApplicationProcessStatusBootstrapCommand Application Process [12776] running
2025-07-06 00:19:46,435 INFO [StartBootstrapCommand] o.a.n.b.c.ApplicationProcessStatusBootstrapCommand Application Process [12776] running
2025-07-06 00:19:51,442 INFO [StartBootstrapCommand] o.a.n.b.c.ApplicationProcessStatusBootstrapCommand Application Process [12776] running
2025-07-06 00:19:56,434 INFO [StartBootstrapCommand] o.a.n.b.c.ApplicationProcessStatusBootstrapCommand Application Process [12776] running
2025-07-06 00:20:01,434 INFO [StartBootstrapCommand] o.a.n.b.c.ApplicationProcessStatusBootstrapCommand Application Process [12776] running
2025-07-06 00:20:06,435 INFO [StartBootstrapCommand] o.a.n.b.c.ApplicationProcessStatusBootstrapCommand Application Process [12776] running
2025-07-06 00:20:11,434 INFO [StartBootstrapCommand] o.a.n.b.c.ApplicationProcessStatusBootstrapCommand Application Process [12776] running
2025-07-06 00:20:16,433 INFO [StartBootstrapCommand] o.a.n.b.c.ApplicationProcessStatusBootstrapCommand Application Process [12776] running
2025-07-06 00:20:21,434 INFO [StartBootstrapCommand] o.a.n.b.c.ApplicationProcessStatusBootstrapCommand Application Process [12776] running
2025-07-06 00:20:26,440 INFO [StartBootstrapCommand] o.a.n.b.c.ApplicationProcessStatusBootstrapCommand Application Process [12776] running
2025-07-06 00:20:31,437 INFO [StartBootstrapCommand] o.a.n.b.c.ApplicationProcessStatusBootstrapCommand Application Process [12776] running
2025-07-06 00:20:36,436 INFO [StartBootstrapCommand] o.a.n.b.c.ApplicationProcessStatusBootstrapCommand Application Process [12776] running
2025-07-06 00:20:41,434 INFO [StartBootstrapCommand] o.a.n.b.c.ApplicationProcessStatusBootstrapCommand Application Process [12776] running
2025-07-06 00:20:46,434 INFO [StartBootstrapCommand] o.a.n.b.c.ApplicationProcessStatusBootstrapCommand Application Process [12776] running
2025-07-06 00:20:51,433 INFO [StartBootstrapCommand] o.a.n.b.c.ApplicationProcessStatusBootstrapCommand Application Process [12776] running
2025-07-06 00:20:56,437 INFO [StartBootstrapCommand] o.a.n.b.c.ApplicationProcessStatusBootstrapCommand Application Process [12776] running
2025-07-06 00:21:01,437 INFO [StartBootstrapCommand] o.a.n.b.c.ApplicationProcessStatusBootstrapCommand Application Process [12776] running
2025-07-06 00:21:06,436 INFO [StartBootstrapCommand] o.a.n.b.c.ApplicationProcessStatusBootstrapCommand Application Process [12776] running
2025-07-06 00:21:11,436 INFO [StartBootstrapCommand] o.a.n.b.c.ApplicationProcessStatusBootstrapCommand Application Process [12776] running
2025-07-06 00:21:16,433 INFO [StartBootstrapCommand] o.a.n.b.c.ApplicationProcessStatusBootstrapCommand Application Process [12776] running
2025-07-06 00:21:21,435 INFO [StartBootstrapCommand] o.a.n.b.c.ApplicationProcessStatusBootstrapCommand Application Process [12776] running
2025-07-06 00:21:26,434 INFO [StartBootstrapCommand] o.a.n.b.c.ApplicationProcessStatusBootstrapCommand Application Process [12776] running
2025-07-06 00:21:31,434 INFO [StartBootstrapCommand] o.a.n.b.c.ApplicationProcessStatusBootstrapCommand Application Process [12776] running
2025-07-06 00:21:36,440 INFO [StartBootstrapCommand] o.a.n.b.c.ApplicationProcessStatusBootstrapCommand Application Process [12776] running
2025-07-06 00:21:41,434 INFO [StartBootstrapCommand] o.a.n.b.c.ApplicationProcessStatusBootstrapCommand Application Process [12776] running
2025-07-06 00:21:46,434 INFO [StartBootstrapCommand] o.a.n.b.c.ApplicationProcessStatusBootstrapCommand Application Process [12776] running
2025-07-06 00:21:51,433 INFO [StartBootstrapCommand] o.a.n.b.c.ApplicationProcessStatusBootstrapCommand Application Process [12776] running
2025-07-06 00:21:56,434 INFO [StartBootstrapCommand] o.a.n.b.c.ApplicationProcessStatusBootstrapCommand Application Process [12776] running
2025-07-06 00:22:01,434 INFO [StartBootstrapCommand] o.a.n.b.c.ApplicationProcessStatusBootstrapCommand Application Process [12776] running
2025-07-06 00:22:06,435 INFO [StartBootstrapCommand] o.a.n.b.c.ApplicationProcessStatusBootstrapCommand Application Process [12776] running
2025-07-06 00:22:11,433 INFO [StartBootstrapCommand] o.a.n.b.c.ApplicationProcessStatusBootstrapCommand Application Process [12776] running
2025-07-06 00:22:16,433 INFO [StartBootstrapCommand] o.a.n.b.c.ApplicationProcessStatusBootstrapCommand Application Process [12776] running
2025-07-06 00:22:21,439 INFO [StartBootstrapCommand] o.a.n.b.c.ApplicationProcessStatusBootstrapCommand Application Process [12776] running
2025-07-06 00:22:26,433 INFO [StartBootstrapCommand] o.a.n.b.c.ApplicationProcessStatusBootstrapCommand Application Process [12776] running
2025-07-06 00:22:31,434 INFO [StartBootstrapCommand] o.a.n.b.c.ApplicationProcessStatusBootstrapCommand Application Process [12776] running
2025-07-06 00:22:36,434 INFO [StartBootstrapCommand] o.a.n.b.c.ApplicationProcessStatusBootstrapCommand Application Process [12776] running
2025-07-06 00:22:41,434 INFO [StartBootstrapCommand] o.a.n.b.c.ApplicationProcessStatusBootstrapCommand Application Process [12776] running
2025-07-06 00:22:46,437 INFO [StartBootstrapCommand] o.a.n.b.c.ApplicationProcessStatusBootstrapCommand Application Process [12776] running
2025-07-06 00:22:51,435 INFO [StartBootstrapCommand] o.a.n.b.c.ApplicationProcessStatusBootstrapCommand Application Process [12776] running
2025-07-06 00:22:56,437 INFO [StartBootstrapCommand] o.a.n.b.c.ApplicationProcessStatusBootstrapCommand Application Process [12776] running
2025-07-06 00:23:01,438 INFO [StartBootstrapCommand] o.a.n.b.c.ApplicationProcessStatusBootstrapCommand Application Process [12776] running
2025-07-06 00:23:06,451 INFO [StartBootstrapCommand] o.a.n.b.c.ApplicationProcessStatusBootstrapCommand Application Process [12776] running
2025-07-06 00:23:11,434 INFO [StartBootstrapCommand] o.a.n.b.c.ApplicationProcessStatusBootstrapCommand Application Process [12776] running
2025-07-06 00:23:16,439 INFO [StartBootstrapCommand] o.a.n.b.c.ApplicationProcessStatusBootstrapCommand Application Process [12776] running
2025-07-06 00:23:21,436 INFO [StartBootstrapCommand] o.a.n.b.c.ApplicationProcessStatusBootstrapCommand Application Process [12776] running
2025-07-06 00:23:26,434 INFO [StartBootstrapCommand] o.a.n.b.c.ApplicationProcessStatusBootstrapCommand Application Process [12776] running
2025-07-06 00:23:31,434 INFO [StartBootstrapCommand] o.a.n.b.c.ApplicationProcessStatusBootstrapCommand Application Process [12776] running
2025-07-06 00:23:36,435 INFO [StartBootstrapCommand] o.a.n.b.c.ApplicationProcessStatusBootstrapCommand Application Process [12776] running
2025-07-06 00:23:41,434 INFO [StartBootstrapCommand] o.a.n.b.c.ApplicationProcessStatusBootstrapCommand Application Process [12776] running
2025-07-06 00:23:46,434 INFO [StartBootstrapCommand] o.a.n.b.c.ApplicationProcessStatusBootstrapCommand Application Process [12776] running
2025-07-06 00:23:51,433 INFO [StartBootstrapCommand] o.a.n.b.c.ApplicationProcessStatusBootstrapCommand Application Process [12776] running
2025-07-06 00:23:56,434 INFO [StartBootstrapCommand] o.a.n.b.c.ApplicationProcessStatusBootstrapCommand Application Process [12776] running
2025-07-06 00:24:01,439 INFO [StartBootstrapCommand] o.a.n.b.c.ApplicationProcessStatusBootstrapCommand Application Process [12776] running
2025-07-06 00:24:06,443 INFO [StartBootstrapCommand] o.a.n.b.c.ApplicationProcessStatusBootstrapCommand Application Process [12776] running
2025-07-06 00:24:11,434 INFO [StartBootstrapCommand] o.a.n.b.c.ApplicationProcessStatusBootstrapCommand Application Process [12776] running
2025-07-06 00:24:16,434 INFO [StartBootstrapCommand] o.a.n.b.c.ApplicationProcessStatusBootstrapCommand Application Process [12776] running
2025-07-06 00:24:21,435 INFO [StartBootstrapCommand] o.a.n.b.c.ApplicationProcessStatusBootstrapCommand Application Process [12776] running
2025-07-06 00:24:26,435 INFO [StartBootstrapCommand] o.a.n.b.c.ApplicationProcessStatusBootstrapCommand Application Process [12776] running
2025-07-06 00:24:31,434 INFO [StartBootstrapCommand] o.a.n.b.c.ApplicationProcessStatusBootstrapCommand Application Process [12776] running
2025-07-06 00:24:36,434 INFO [StartBootstrapCommand] o.a.n.b.c.ApplicationProcessStatusBootstrapCommand Application Process [12776] running
2025-07-06 00:24:41,434 INFO [StartBootstrapCommand] o.a.n.b.c.ApplicationProcessStatusBootstrapCommand Application Process [12776] running
2025-07-06 00:24:46,433 INFO [StartBootstrapCommand] o.a.n.b.c.ApplicationProcessStatusBootstrapCommand Application Process [12776] running
2025-07-06 00:24:51,435 INFO [StartBootstrapCommand] o.a.n.b.c.ApplicationProcessStatusBootstrapCommand Application Process [12776] running
2025-07-06 00:24:56,433 INFO [StartBootstrapCommand] o.a.n.b.c.ApplicationProcessStatusBootstrapCommand Application Process [12776] running
2025-07-06 00:25:01,433 INFO [StartBootstrapCommand] o.a.n.b.c.ApplicationProcessStatusBootstrapCommand Application Process [12776] running
2025-07-06 00:25:06,439 INFO [StartBootstrapCommand] o.a.n.b.c.ApplicationProcessStatusBootstrapCommand Application Process [12776] running
2025-07-06 00:25:11,435 INFO [StartBootstrapCommand] o.a.n.b.c.ApplicationProcessStatusBootstrapCommand Application Process [12776] running
2025-07-06 00:25:16,452 INFO [StartBootstrapCommand] o.a.n.b.c.ApplicationProcessStatusBootstrapCommand Application Process [12776] running
2025-07-06 00:25:21,448 INFO [StartBootstrapCommand] o.a.n.b.c.ApplicationProcessStatusBootstrapCommand Application Process [12776] running
2025-07-06 00:25:26,436 INFO [StartBootstrapCommand] o.a.n.b.c.ApplicationProcessStatusBootstrapCommand Application Process [12776] running
2025-07-06 00:25:31,434 INFO [StartBootstrapCommand] o.a.n.b.c.ApplicationProcessStatusBootstrapCommand Application Process [12776] running
2025-07-06 00:25:36,439 INFO [StartBootstrapCommand] o.a.n.b.c.ApplicationProcessStatusBootstrapCommand Application Process [12776] running
2025-07-06 00:25:41,434 INFO [StartBootstrapCommand] o.a.n.b.c.ApplicationProcessStatusBootstrapCommand Application Process [12776] running
2025-07-06 00:25:46,435 INFO [StartBootstrapCommand] o.a.n.b.c.ApplicationProcessStatusBootstrapCommand Application Process [12776] running
2025-07-06 00:25:51,434 INFO [StartBootstrapCommand] o.a.n.b.c.ApplicationProcessStatusBootstrapCommand Application Process [12776] running
2025-07-06 00:25:56,437 INFO [StartBootstrapCommand] o.a.n.b.c.ApplicationProcessStatusBootstrapCommand Application Process [12776] running
2025-07-06 00:26:01,436 INFO [StartBootstrapCommand] o.a.n.b.c.ApplicationProcessStatusBootstrapCommand Application Process [12776] running
2025-07-06 00:26:06,435 INFO [StartBootstrapCommand] o.a.n.b.c.ApplicationProcessStatusBootstrapCommand Application Process [12776] running
2025-07-06 00:26:11,569 INFO [StartBootstrapCommand] o.a.n.b.c.ApplicationProcessStatusBootstrapCommand Application Process [12776] running
2025-07-06 00:26:16,676 INFO [StartBootstrapCommand] o.a.n.b.c.ApplicationProcessStatusBootstrapCommand Application Process [12776] running
2025-07-06 00:26:21,437 INFO [StartBootstrapCommand] o.a.n.b.c.ApplicationProcessStatusBootstrapCommand Application Process [12776] running
2025-07-06 00:26:26,436 INFO [StartBootstrapCommand] o.a.n.b.c.ApplicationProcessStatusBootstrapCommand Application Process [12776] running
2025-07-06 00:26:31,445 INFO [StartBootstrapCommand] o.a.n.b.c.ApplicationProcessStatusBootstrapCommand Application Process [12776] running
2025-07-06 00:26:36,435 INFO [StartBootstrapCommand] o.a.n.b.c.ApplicationProcessStatusBootstrapCommand Application Process [12776] running
2025-07-06 00:26:41,435 INFO [StartBootstrapCommand] o.a.n.b.c.ApplicationProcessStatusBootstrapCommand Application Process [12776] running
2025-07-06 00:26:46,439 INFO [StartBootstrapCommand] o.a.n.b.c.ApplicationProcessStatusBootstrapCommand Application Process [12776] running
2025-07-06 00:26:51,435 INFO [StartBootstrapCommand] o.a.n.b.c.ApplicationProcessStatusBootstrapCommand Application Process [12776] running
2025-07-06 00:26:56,438 INFO [StartBootstrapCommand] o.a.n.b.c.ApplicationProcessStatusBootstrapCommand Application Process [12776] running
2025-07-06 00:27:01,435 INFO [StartBootstrapCommand] o.a.n.b.c.ApplicationProcessStatusBootstrapCommand Application Process [12776] running
2025-07-06 00:27:06,437 INFO [StartBootstrapCommand] o.a.n.b.c.ApplicationProcessStatusBootstrapCommand Application Process [12776] running
2025-07-06 00:27:11,434 INFO [StartBootstrapCommand] o.a.n.b.c.ApplicationProcessStatusBootstrapCommand Application Process [12776] running
2025-07-06 00:27:16,437 INFO [StartBootstrapCommand] o.a.n.b.c.ApplicationProcessStatusBootstrapCommand Application Process [12776] running
2025-07-06 00:27:21,438 INFO [StartBootstrapCommand] o.a.n.b.c.ApplicationProcessStatusBootstrapCommand Application Process [12776] running
2025-07-06 00:27:26,434 INFO [StartBootstrapCommand] o.a.n.b.c.ApplicationProcessStatusBootstrapCommand Application Process [12776] running
2025-07-06 00:27:31,438 INFO [StartBootstrapCommand] o.a.n.b.c.ApplicationProcessStatusBootstrapCommand Application Process [12776] running
2025-07-06 00:27:36,433 INFO [StartBootstrapCommand] o.a.n.b.c.ApplicationProcessStatusBootstrapCommand Application Process [12776] running
2025-07-06 00:27:41,438 INFO [StartBootstrapCommand] o.a.n.b.c.ApplicationProcessStatusBootstrapCommand Application Process [12776] running
2025-07-06 00:27:46,438 INFO [StartBootstrapCommand] o.a.n.b.c.ApplicationProcessStatusBootstrapCommand Application Process [12776] running
2025-07-06 00:27:51,436 INFO [StartBootstrapCommand] o.a.n.b.c.ApplicationProcessStatusBootstrapCommand Application Process [12776] running
2025-07-06 00:27:56,448 INFO [StartBootstrapCommand] o.a.n.b.c.ApplicationProcessStatusBootstrapCommand Application Process [12776] running
2025-07-06 00:28:01,437 INFO [StartBootstrapCommand] o.a.n.b.c.ApplicationProcessStatusBootstrapCommand Application Process [12776] running
2025-07-06 00:28:06,436 INFO [StartBootstrapCommand] o.a.n.b.c.ApplicationProcessStatusBootstrapCommand Application Process [12776] running
2025-07-06 00:28:11,449 INFO [StartBootstrapCommand] o.a.n.b.c.ApplicationProcessStatusBootstrapCommand Application Process [12776] running
2025-07-06 00:28:16,435 INFO [StartBootstrapCommand] o.a.n.b.c.ApplicationProcessStatusBootstrapCommand Application Process [12776] running
2025-07-06 00:28:21,437 INFO [StartBootstrapCommand] o.a.n.b.c.ApplicationProcessStatusBootstrapCommand Application Process [12776] running
2025-07-06 00:28:26,439 INFO [StartBootstrapCommand] o.a.n.b.c.ApplicationProcessStatusBootstrapCommand Application Process [12776] running
2025-07-06 00:28:31,435 INFO [StartBootstrapCommand] o.a.n.b.c.ApplicationProcessStatusBootstrapCommand Application Process [12776] running
2025-07-06 00:28:36,436 INFO [StartBootstrapCommand] o.a.n.b.c.ApplicationProcessStatusBootstrapCommand Application Process [12776] running
2025-07-06 00:28:41,437 INFO [StartBootstrapCommand] o.a.n.b.c.ApplicationProcessStatusBootstrapCommand Application Process [12776] running
2025-07-06 00:28:46,435 INFO [StartBootstrapCommand] o.a.n.b.c.ApplicationProcessStatusBootstrapCommand Application Process [12776] running
2025-07-06 00:28:51,446 INFO [StartBootstrapCommand] o.a.n.b.c.ApplicationProcessStatusBootstrapCommand Application Process [12776] running
2025-07-06 00:28:56,436 INFO [StartBootstrapCommand] o.a.n.b.c.ApplicationProcessStatusBootstrapCommand Application Process [12776] running
2025-07-06 00:29:01,434 INFO [StartBootstrapCommand] o.a.n.b.c.ApplicationProcessStatusBootstrapCommand Application Process [12776] running
2025-07-06 00:29:06,434 INFO [StartBootstrapCommand] o.a.n.b.c.ApplicationProcessStatusBootstrapCommand Application Process [12776] running
2025-07-06 00:29:11,436 INFO [StartBootstrapCommand] o.a.n.b.c.ApplicationProcessStatusBootstrapCommand Application Process [12776] running
2025-07-06 00:29:16,435 INFO [StartBootstrapCommand] o.a.n.b.c.ApplicationProcessStatusBootstrapCommand Application Process [12776] running
2025-07-06 00:29:21,435 INFO [StartBootstrapCommand] o.a.n.b.c.ApplicationProcessStatusBootstrapCommand Application Process [12776] running
2025-07-06 00:29:26,435 INFO [StartBootstrapCommand] o.a.n.b.c.ApplicationProcessStatusBootstrapCommand Application Process [12776] running
2025-07-06 00:29:31,436 INFO [StartBootstrapCommand] o.a.n.b.c.ApplicationProcessStatusBootstrapCommand Application Process [12776] running
2025-07-06 00:29:36,435 INFO [StartBootstrapCommand] o.a.n.b.c.ApplicationProcessStatusBootstrapCommand Application Process [12776] running
2025-07-06 00:29:41,436 INFO [StartBootstrapCommand] o.a.n.b.c.ApplicationProcessStatusBootstrapCommand Application Process [12776] running
2025-07-06 00:29:46,436 INFO [StartBootstrapCommand] o.a.n.b.c.ApplicationProcessStatusBootstrapCommand Application Process [12776] running
2025-07-06 00:29:51,434 INFO [StartBootstrapCommand] o.a.n.b.c.ApplicationProcessStatusBootstrapCommand Application Process [12776] running
2025-07-06 00:29:56,435 INFO [StartBootstrapCommand] o.a.n.b.c.ApplicationProcessStatusBootstrapCommand Application Process [12776] running
2025-07-06 00:30:01,435 INFO [StartBootstrapCommand] o.a.n.b.c.ApplicationProcessStatusBootstrapCommand Application Process [12776] running
2025-07-06 00:30:06,434 INFO [StartBootstrapCommand] o.a.n.b.c.ApplicationProcessStatusBootstrapCommand Application Process [12776] running
2025-07-06 00:30:11,437 INFO [StartBootstrapCommand] o.a.n.b.c.ApplicationProcessStatusBootstrapCommand Application Process [12776] running
2025-07-06 00:30:16,435 INFO [StartBootstrapCommand] o.a.n.b.c.ApplicationProcessStatusBootstrapCommand Application Process [12776] running
2025-07-06 00:30:21,434 INFO [StartBootstrapCommand] o.a.n.b.c.ApplicationProcessStatusBootstrapCommand Application Process [12776] running
2025-07-06 00:30:26,435 INFO [StartBootstrapCommand] o.a.n.b.c.ApplicationProcessStatusBootstrapCommand Application Process [12776] running
2025-07-06 00:30:31,436 INFO [StartBootstrapCommand] o.a.n.b.c.ApplicationProcessStatusBootstrapCommand Application Process [12776] running
2025-07-06 00:30:36,435 INFO [StartBootstrapCommand] o.a.n.b.c.ApplicationProcessStatusBootstrapCommand Application Process [12776] running
2025-07-06 00:30:41,435 INFO [StartBootstrapCommand] o.a.n.b.c.ApplicationProcessStatusBootstrapCommand Application Process [12776] running
2025-07-06 00:30:46,435 INFO [StartBootstrapCommand] o.a.n.b.c.ApplicationProcessStatusBootstrapCommand Application Process [12776] running
2025-07-06 00:30:51,434 INFO [StartBootstrapCommand] o.a.n.b.c.ApplicationProcessStatusBootstrapCommand Application Process [12776] running
2025-07-06 00:30:56,434 INFO [StartBootstrapCommand] o.a.n.b.c.ApplicationProcessStatusBootstrapCommand Application Process [12776] running
2025-07-06 00:31:01,436 INFO [StartBootstrapCommand] o.a.n.b.c.ApplicationProcessStatusBootstrapCommand Application Process [12776] running
2025-07-06 00:31:06,434 INFO [StartBootstrapCommand] o.a.n.b.c.ApplicationProcessStatusBootstrapCommand Application Process [12776] running
2025-07-06 00:31:11,436 INFO [StartBootstrapCommand] o.a.n.b.c.ApplicationProcessStatusBootstrapCommand Application Process [12776] running
2025-07-06 00:31:16,435 INFO [StartBootstrapCommand] o.a.n.b.c.ApplicationProcessStatusBootstrapCommand Application Process [12776] running
2025-07-06 00:31:21,434 INFO [StartBootstrapCommand] o.a.n.b.c.ApplicationProcessStatusBootstrapCommand Application Process [12776] running
2025-07-06 00:31:26,435 INFO [StartBootstrapCommand] o.a.n.b.c.ApplicationProcessStatusBootstrapCommand Application Process [12776] running
2025-07-06 00:31:31,435 INFO [StartBootstrapCommand] o.a.n.b.c.ApplicationProcessStatusBootstrapCommand Application Process [12776] running
2025-07-06 00:31:36,435 INFO [StartBootstrapCommand] o.a.n.b.c.ApplicationProcessStatusBootstrapCommand Application Process [12776] running
2025-07-06 00:31:41,435 INFO [StartBootstrapCommand] o.a.n.b.c.ApplicationProcessStatusBootstrapCommand Application Process [12776] running
2025-07-06 00:31:46,435 INFO [StartBootstrapCommand] o.a.n.b.c.ApplicationProcessStatusBootstrapCommand Application Process [12776] running
2025-07-06 00:31:51,435 INFO [StartBootstrapCommand] o.a.n.b.c.ApplicationProcessStatusBootstrapCommand Application Process [12776] running
2025-07-06 00:31:56,435 INFO [StartBootstrapCommand] o.a.n.b.c.ApplicationProcessStatusBootstrapCommand Application Process [12776] running
2025-07-06 00:32:01,434 INFO [StartBootstrapCommand] o.a.n.b.c.ApplicationProcessStatusBootstrapCommand Application Process [12776] running
2025-07-06 00:32:06,435 INFO [StartBootstrapCommand] o.a.n.b.c.ApplicationProcessStatusBootstrapCommand Application Process [12776] running
2025-07-06 00:32:11,436 INFO [StartBootstrapCommand] o.a.n.b.c.ApplicationProcessStatusBootstrapCommand Application Process [12776] running
2025-07-06 00:32:16,436 INFO [StartBootstrapCommand] o.a.n.b.c.ApplicationProcessStatusBootstrapCommand Application Process [12776] running
2025-07-06 00:32:21,435 INFO [StartBootstrapCommand] o.a.n.b.c.ApplicationProcessStatusBootstrapCommand Application Process [12776] running
2025-07-06 00:32:26,434 INFO [StartBootstrapCommand] o.a.n.b.c.ApplicationProcessStatusBootstrapCommand Application Process [12776] running
2025-07-06 00:32:31,434 INFO [StartBootstrapCommand] o.a.n.b.c.ApplicationProcessStatusBootstrapCommand Application Process [12776] running
2025-07-06 00:32:36,437 INFO [StartBootstrapCommand] o.a.n.b.c.ApplicationProcessStatusBootstrapCommand Application Process [12776] running
2025-07-06 00:32:41,436 INFO [StartBootstrapCommand] o.a.n.b.c.ApplicationProcessStatusBootstrapCommand Application Process [12776] running
2025-07-06 00:32:46,440 INFO [StartBootstrapCommand] o.a.n.b.c.ApplicationProcessStatusBootstrapCommand Application Process [12776] running
2025-07-06 00:32:51,442 INFO [StartBootstrapCommand] o.a.n.b.c.ApplicationProcessStatusBootstrapCommand Application Process [12776] running
2025-07-06 00:32:56,434 INFO [StartBootstrapCommand] o.a.n.b.c.ApplicationProcessStatusBootstrapCommand Application Process [12776] running
2025-07-06 00:33:01,439 INFO [StartBootstrapCommand] o.a.n.b.c.ApplicationProcessStatusBootstrapCommand Application Process [12776] running
2025-07-06 00:33:06,435 INFO [StartBootstrapCommand] o.a.n.b.c.ApplicationProcessStatusBootstrapCommand Application Process [12776] running
2025-07-06 00:33:11,434 INFO [StartBootstrapCommand] o.a.n.b.c.ApplicationProcessStatusBootstrapCommand Application Process [12776] running
2025-07-06 00:33:16,435 INFO [StartBootstrapCommand] o.a.n.b.c.ApplicationProcessStatusBootstrapCommand Application Process [12776] running
2025-07-06 00:33:21,435 INFO [StartBootstrapCommand] o.a.n.b.c.ApplicationProcessStatusBootstrapCommand Application Process [12776] running
2025-07-06 00:33:26,434 INFO [StartBootstrapCommand] o.a.n.b.c.ApplicationProcessStatusBootstrapCommand Application Process [12776] running
2025-07-06 00:33:31,434 INFO [StartBootstrapCommand] o.a.n.b.c.ApplicationProcessStatusBootstrapCommand Application Process [12776] running
2025-07-06 00:33:36,433 INFO [StartBootstrapCommand] o.a.n.b.c.ApplicationProcessStatusBootstrapCommand Application Process [12776] running
2025-07-06 00:33:41,434 INFO [StartBootstrapCommand] o.a.n.b.c.ApplicationProcessStatusBootstrapCommand Application Process [12776] running
2025-07-06 00:33:46,435 INFO [StartBootstrapCommand] o.a.n.b.c.ApplicationProcessStatusBootstrapCommand Application Process [12776] running
2025-07-06 00:33:51,434 INFO [StartBootstrapCommand] o.a.n.b.c.ApplicationProcessStatusBootstrapCommand Application Process [12776] running
2025-07-06 00:33:56,434 INFO [StartBootstrapCommand] o.a.n.b.c.ApplicationProcessStatusBootstrapCommand Application Process [12776] running
2025-07-06 00:34:01,435 INFO [StartBootstrapCommand] o.a.n.b.c.ApplicationProcessStatusBootstrapCommand Application Process [12776] running
2025-07-06 00:34:06,435 INFO [StartBootstrapCommand] o.a.n.b.c.ApplicationProcessStatusBootstrapCommand Application Process [12776] running
2025-07-06 00:34:11,434 INFO [StartBootstrapCommand] o.a.n.b.c.ApplicationProcessStatusBootstrapCommand Application Process [12776] running
2025-07-06 00:34:16,434 INFO [StartBootstrapCommand] o.a.n.b.c.ApplicationProcessStatusBootstrapCommand Application Process [12776] running
2025-07-06 00:34:21,434 INFO [StartBootstrapCommand] o.a.n.b.c.ApplicationProcessStatusBootstrapCommand Application Process [12776] running
2025-07-06 00:34:26,433 INFO [StartBootstrapCommand] o.a.n.b.c.ApplicationProcessStatusBootstrapCommand Application Process [12776] running
2025-07-06 00:34:31,435 INFO [StartBootstrapCommand] o.a.n.b.c.ApplicationProcessStatusBootstrapCommand Application Process [12776] running
2025-07-06 00:34:36,434 INFO [StartBootstrapCommand] o.a.n.b.c.ApplicationProcessStatusBootstrapCommand Application Process [12776] running
2025-07-06 00:34:41,433 INFO [StartBootstrapCommand] o.a.n.b.c.ApplicationProcessStatusBootstrapCommand Application Process [12776] running
2025-07-06 00:34:46,433 INFO [StartBootstrapCommand] o.a.n.b.c.ApplicationProcessStatusBootstrapCommand Application Process [12776] running
2025-07-06 00:34:51,435 INFO [StartBootstrapCommand] o.a.n.b.c.ApplicationProcessStatusBootstrapCommand Application Process [12776] running
2025-07-06 00:34:56,434 INFO [StartBootstrapCommand] o.a.n.b.c.ApplicationProcessStatusBootstrapCommand Application Process [12776] running
2025-07-06 00:35:01,434 INFO [StartBootstrapCommand] o.a.n.b.c.ApplicationProcessStatusBootstrapCommand Application Process [12776] running
