2025-07-07 13:31:44,848 INFO [main] o.a.n.b.command.RunBootstrapCommand Java Version: 24.0.1+9-30
2025-07-07 13:31:44,859 INFO [main] o.a.n.b.command.RunBootstrapCommand Available Processors: 4
2025-07-07 13:31:45,070 INFO [main] o.a.n.b.command.RunBootstrapCommand E:\Program Files\Java\jdk-24\bin\java.exe --class-path E:\ubu\TFM\TFM-Gobierno-del-dato\prueba-de-concepto\lib\slf4j-api-2.0.17.jar;E:\ubu\TFM\TFM-Gobierno-del-dato\prueba-de-concepto\lib\nifi-per-process-group-logging-2.4.0.jar;E:\ubu\TFM\TFM-Gobierno-del-dato\prueba-de-concepto\lib\jul-to-slf4j-2.0.17.jar;E:\ubu\TFM\TFM-Gobierno-del-dato\prueba-de-concepto\lib\nifi-server-api-2.4.0.jar;E:\ubu\TFM\TFM-Gobierno-del-dato\prueba-de-concepto\lib\nifi-runtime-2.4.0.jar;E:\ubu\TFM\TFM-Gobierno-del-dato\prueba-de-concepto\lib\nifi-python-framework-api-2.4.0.jar;E:\ubu\TFM\TFM-Gobierno-del-dato\prueba-de-concepto\lib\log4j-over-slf4j-2.0.17.jar;E:\ubu\TFM\TFM-Gobierno-del-dato\prueba-de-concepto\lib\nifi-stateless-api-2.4.0.jar;E:\ubu\TFM\TFM-Gobierno-del-dato\prueba-de-concepto\lib\nifi-properties-2.4.0.jar;E:\ubu\TFM\TFM-Gobierno-del-dato\prueba-de-concepto\lib\nifi-nar-utils-2.4.0.jar;E:\ubu\TFM\TFM-Gobierno-del-dato\prueba-de-concepto\lib\jcl-over-slf4j-2.0.17.jar;E:\ubu\TFM\TFM-Gobierno-del-dato\prueba-de-concepto\lib\nifi-api-2.1.0.jar;E:\ubu\TFM\TFM-Gobierno-del-dato\prueba-de-concepto\lib\logback-classic-1.5.18.jar;E:\ubu\TFM\TFM-Gobierno-del-dato\prueba-de-concepto\lib\nifi-framework-api-2.4.0.jar;E:\ubu\TFM\TFM-Gobierno-del-dato\prueba-de-concepto\lib\logback-core-1.5.18.jar;E:\ubu\TFM\TFM-Gobierno-del-dato\prueba-de-concepto\lib\nifi-property-utils-2.4.0.jar;E:\ubu\TFM\TFM-Gobierno-del-dato\prueba-de-concepto\conf -Dorg.apache.nifi.bootstrap.config.log.dir=E:\ubu\TFM\TFM-Gobierno-del-dato\prueba-de-concepto\logs -Dnifi.properties.file.path=E:\ubu\TFM\TFM-Gobierno-del-dato\prueba-de-concepto\conf\nifi.properties -Dorg.apache.nifi.management.server.address=127.0.0.1:52020 -Xms1g -Xmx1g -Dsun.net.http.allowRestrictedHeaders=true -Djava.protocol.handler.pkgs=sun.net.www.protocol -Dcurator-log-only-first-connection-issue-as-error-level=true -Djava.awt.headless=true -Djavax.security.auth.useSubjectCredsOnly=true org.apache.nifi.NiFi
2025-07-07 13:31:45,081 INFO [main] org.apache.nifi.bootstrap.Command Application Process [12336] started
2025-07-07 13:31:45,083 INFO [main] org.apache.nifi.bootstrap.Command Bootstrap Process Running
2025-07-07 13:32:45,091 INFO [StartBootstrapCommand] o.a.n.b.c.ApplicationProcessStatusBootstrapCommand Application Process [20400] running
2025-07-07 13:32:45,092 INFO [StartBootstrapCommand] o.a.n.b.command.StartBootstrapCommand Application monitoring started
2025-07-07 13:32:50,098 INFO [StartBootstrapCommand] o.a.n.b.c.ApplicationProcessStatusBootstrapCommand Application Process [20400] running
2025-07-07 13:32:55,098 INFO [StartBootstrapCommand] o.a.n.b.c.ApplicationProcessStatusBootstrapCommand Application Process [20400] running
2025-07-07 13:33:00,107 INFO [StartBootstrapCommand] o.a.n.b.c.ApplicationProcessStatusBootstrapCommand Application Process [20400] running
2025-07-07 13:33:05,098 INFO [StartBootstrapCommand] o.a.n.b.c.ApplicationProcessStatusBootstrapCommand Application Process [20400] running
2025-07-07 13:33:10,098 INFO [StartBootstrapCommand] o.a.n.b.c.ApplicationProcessStatusBootstrapCommand Application Process [20400] running
2025-07-07 13:33:15,098 INFO [StartBootstrapCommand] o.a.n.b.c.ApplicationProcessStatusBootstrapCommand Application Process [20400] running
2025-07-07 13:33:20,098 INFO [StartBootstrapCommand] o.a.n.b.c.ApplicationProcessStatusBootstrapCommand Application Process [20400] running
2025-07-07 13:33:25,102 INFO [StartBootstrapCommand] o.a.n.b.c.ApplicationProcessStatusBootstrapCommand Application Process [20400] running
2025-07-07 13:33:30,098 INFO [StartBootstrapCommand] o.a.n.b.c.ApplicationProcessStatusBootstrapCommand Application Process [20400] running
2025-07-07 13:33:35,098 INFO [StartBootstrapCommand] o.a.n.b.c.ApplicationProcessStatusBootstrapCommand Application Process [20400] running
2025-07-07 13:33:40,098 INFO [StartBootstrapCommand] o.a.n.b.c.ApplicationProcessStatusBootstrapCommand Application Process [20400] running
2025-07-07 13:33:45,099 INFO [StartBootstrapCommand] o.a.n.b.c.ApplicationProcessStatusBootstrapCommand Application Process [20400] running
2025-07-07 13:33:50,098 INFO [StartBootstrapCommand] o.a.n.b.c.ApplicationProcessStatusBootstrapCommand Application Process [20400] running
2025-07-07 13:33:55,100 INFO [StartBootstrapCommand] o.a.n.b.c.ApplicationProcessStatusBootstrapCommand Application Process [20400] running
2025-07-07 13:34:00,099 INFO [StartBootstrapCommand] o.a.n.b.c.ApplicationProcessStatusBootstrapCommand Application Process [20400] running
2025-07-07 13:34:05,102 INFO [StartBootstrapCommand] o.a.n.b.c.ApplicationProcessStatusBootstrapCommand Application Process [20400] running
2025-07-07 13:34:10,109 INFO [StartBootstrapCommand] o.a.n.b.c.ApplicationProcessStatusBootstrapCommand Application Process [20400] running
2025-07-07 13:34:15,100 INFO [StartBootstrapCommand] o.a.n.b.c.ApplicationProcessStatusBootstrapCommand Application Process [20400] running
2025-07-07 13:34:20,099 INFO [StartBootstrapCommand] o.a.n.b.c.ApplicationProcessStatusBootstrapCommand Application Process [20400] running
2025-07-07 13:34:25,173 INFO [StartBootstrapCommand] o.a.n.b.c.ApplicationProcessStatusBootstrapCommand Application Process [20400] running
2025-07-07 13:34:30,109 INFO [StartBootstrapCommand] o.a.n.b.c.ApplicationProcessStatusBootstrapCommand Application Process [20400] running
2025-07-07 13:34:35,100 INFO [StartBootstrapCommand] o.a.n.b.c.ApplicationProcessStatusBootstrapCommand Application Process [20400] running
2025-07-07 13:34:40,098 INFO [StartBootstrapCommand] o.a.n.b.c.ApplicationProcessStatusBootstrapCommand Application Process [20400] running
2025-07-07 13:34:45,100 INFO [StartBootstrapCommand] o.a.n.b.c.ApplicationProcessStatusBootstrapCommand Application Process [20400] running
2025-07-07 13:34:50,112 INFO [StartBootstrapCommand] o.a.n.b.c.ApplicationProcessStatusBootstrapCommand Application Process [20400] running
2025-07-07 13:34:55,098 INFO [StartBootstrapCommand] o.a.n.b.c.ApplicationProcessStatusBootstrapCommand Application Process [20400] running
2025-07-07 13:35:00,098 INFO [StartBootstrapCommand] o.a.n.b.c.ApplicationProcessStatusBootstrapCommand Application Process [20400] running
2025-07-07 13:35:05,098 INFO [StartBootstrapCommand] o.a.n.b.c.ApplicationProcessStatusBootstrapCommand Application Process [20400] running
2025-07-07 13:35:10,100 INFO [StartBootstrapCommand] o.a.n.b.c.ApplicationProcessStatusBootstrapCommand Application Process [20400] running
2025-07-07 13:35:15,098 INFO [StartBootstrapCommand] o.a.n.b.c.ApplicationProcessStatusBootstrapCommand Application Process [20400] running
2025-07-07 13:35:20,099 INFO [StartBootstrapCommand] o.a.n.b.c.ApplicationProcessStatusBootstrapCommand Application Process [20400] running
2025-07-07 13:35:25,100 INFO [StartBootstrapCommand] o.a.n.b.c.ApplicationProcessStatusBootstrapCommand Application Process [20400] running
2025-07-07 13:35:30,098 INFO [StartBootstrapCommand] o.a.n.b.c.ApplicationProcessStatusBootstrapCommand Application Process [20400] running
2025-07-07 13:35:35,099 INFO [StartBootstrapCommand] o.a.n.b.c.ApplicationProcessStatusBootstrapCommand Application Process [20400] running
2025-07-07 13:35:40,098 INFO [StartBootstrapCommand] o.a.n.b.c.ApplicationProcessStatusBootstrapCommand Application Process [20400] running
2025-07-07 13:35:45,098 INFO [StartBootstrapCommand] o.a.n.b.c.ApplicationProcessStatusBootstrapCommand Application Process [20400] running
2025-07-07 13:35:50,098 INFO [StartBootstrapCommand] o.a.n.b.c.ApplicationProcessStatusBootstrapCommand Application Process [20400] running
2025-07-07 13:35:55,098 INFO [StartBootstrapCommand] o.a.n.b.c.ApplicationProcessStatusBootstrapCommand Application Process [20400] running
2025-07-07 13:36:00,099 INFO [StartBootstrapCommand] o.a.n.b.c.ApplicationProcessStatusBootstrapCommand Application Process [20400] running
2025-07-07 13:36:05,098 INFO [StartBootstrapCommand] o.a.n.b.c.ApplicationProcessStatusBootstrapCommand Application Process [20400] running
2025-07-07 13:36:10,098 INFO [StartBootstrapCommand] o.a.n.b.c.ApplicationProcessStatusBootstrapCommand Application Process [20400] running
2025-07-07 13:36:15,100 INFO [StartBootstrapCommand] o.a.n.b.c.ApplicationProcessStatusBootstrapCommand Application Process [20400] running
2025-07-07 13:36:20,099 INFO [StartBootstrapCommand] o.a.n.b.c.ApplicationProcessStatusBootstrapCommand Application Process [20400] running
2025-07-07 13:36:25,099 INFO [StartBootstrapCommand] o.a.n.b.c.ApplicationProcessStatusBootstrapCommand Application Process [20400] running
2025-07-07 13:36:30,098 INFO [StartBootstrapCommand] o.a.n.b.c.ApplicationProcessStatusBootstrapCommand Application Process [20400] running
2025-07-07 13:36:35,098 INFO [StartBootstrapCommand] o.a.n.b.c.ApplicationProcessStatusBootstrapCommand Application Process [20400] running
2025-07-07 13:36:40,098 INFO [StartBootstrapCommand] o.a.n.b.c.ApplicationProcessStatusBootstrapCommand Application Process [20400] running
2025-07-07 13:36:45,098 INFO [StartBootstrapCommand] o.a.n.b.c.ApplicationProcessStatusBootstrapCommand Application Process [20400] running
2025-07-07 13:36:50,098 INFO [StartBootstrapCommand] o.a.n.b.c.ApplicationProcessStatusBootstrapCommand Application Process [20400] running
2025-07-07 13:36:55,099 INFO [StartBootstrapCommand] o.a.n.b.c.ApplicationProcessStatusBootstrapCommand Application Process [20400] running
2025-07-07 13:37:00,113 INFO [StartBootstrapCommand] o.a.n.b.c.ApplicationProcessStatusBootstrapCommand Application Process [20400] running
2025-07-07 13:37:05,100 INFO [StartBootstrapCommand] o.a.n.b.c.ApplicationProcessStatusBootstrapCommand Application Process [20400] running
2025-07-07 13:37:10,098 INFO [StartBootstrapCommand] o.a.n.b.c.ApplicationProcessStatusBootstrapCommand Application Process [20400] running
2025-07-07 13:37:15,098 INFO [StartBootstrapCommand] o.a.n.b.c.ApplicationProcessStatusBootstrapCommand Application Process [20400] running
2025-07-07 13:37:20,100 INFO [StartBootstrapCommand] o.a.n.b.c.ApplicationProcessStatusBootstrapCommand Application Process [20400] running
2025-07-07 13:37:25,100 INFO [StartBootstrapCommand] o.a.n.b.c.ApplicationProcessStatusBootstrapCommand Application Process [20400] running
2025-07-07 13:37:30,099 INFO [StartBootstrapCommand] o.a.n.b.c.ApplicationProcessStatusBootstrapCommand Application Process [20400] running
2025-07-07 13:37:35,099 INFO [StartBootstrapCommand] o.a.n.b.c.ApplicationProcessStatusBootstrapCommand Application Process [20400] running
2025-07-07 13:37:40,098 INFO [StartBootstrapCommand] o.a.n.b.c.ApplicationProcessStatusBootstrapCommand Application Process [20400] running
2025-07-07 13:37:45,100 INFO [StartBootstrapCommand] o.a.n.b.c.ApplicationProcessStatusBootstrapCommand Application Process [20400] running
2025-07-07 13:37:50,098 INFO [StartBootstrapCommand] o.a.n.b.c.ApplicationProcessStatusBootstrapCommand Application Process [20400] running
2025-07-07 13:37:55,100 INFO [StartBootstrapCommand] o.a.n.b.c.ApplicationProcessStatusBootstrapCommand Application Process [20400] running
2025-07-07 13:38:00,099 INFO [StartBootstrapCommand] o.a.n.b.c.ApplicationProcessStatusBootstrapCommand Application Process [20400] running
2025-07-07 13:38:05,098 INFO [StartBootstrapCommand] o.a.n.b.c.ApplicationProcessStatusBootstrapCommand Application Process [20400] running
2025-07-07 13:38:10,099 INFO [StartBootstrapCommand] o.a.n.b.c.ApplicationProcessStatusBootstrapCommand Application Process [20400] running
2025-07-07 13:38:15,100 INFO [StartBootstrapCommand] o.a.n.b.c.ApplicationProcessStatusBootstrapCommand Application Process [20400] running
2025-07-07 13:38:20,099 INFO [StartBootstrapCommand] o.a.n.b.c.ApplicationProcessStatusBootstrapCommand Application Process [20400] running
2025-07-07 13:38:25,098 INFO [StartBootstrapCommand] o.a.n.b.c.ApplicationProcessStatusBootstrapCommand Application Process [20400] running
2025-07-07 13:38:30,098 INFO [StartBootstrapCommand] o.a.n.b.c.ApplicationProcessStatusBootstrapCommand Application Process [20400] running
2025-07-07 13:38:35,099 INFO [StartBootstrapCommand] o.a.n.b.c.ApplicationProcessStatusBootstrapCommand Application Process [20400] running
2025-07-07 13:38:40,099 INFO [StartBootstrapCommand] o.a.n.b.c.ApplicationProcessStatusBootstrapCommand Application Process [20400] running
2025-07-07 13:38:45,099 INFO [StartBootstrapCommand] o.a.n.b.c.ApplicationProcessStatusBootstrapCommand Application Process [20400] running
2025-07-07 13:38:50,098 INFO [StartBootstrapCommand] o.a.n.b.c.ApplicationProcessStatusBootstrapCommand Application Process [20400] running
2025-07-07 13:38:55,098 INFO [StartBootstrapCommand] o.a.n.b.c.ApplicationProcessStatusBootstrapCommand Application Process [20400] running
2025-07-07 13:39:00,098 INFO [StartBootstrapCommand] o.a.n.b.c.ApplicationProcessStatusBootstrapCommand Application Process [20400] running
2025-07-07 13:39:05,100 INFO [StartBootstrapCommand] o.a.n.b.c.ApplicationProcessStatusBootstrapCommand Application Process [20400] running
2025-07-07 13:39:10,100 INFO [StartBootstrapCommand] o.a.n.b.c.ApplicationProcessStatusBootstrapCommand Application Process [20400] running
2025-07-07 13:39:15,098 INFO [StartBootstrapCommand] o.a.n.b.c.ApplicationProcessStatusBootstrapCommand Application Process [20400] running
2025-07-07 13:39:20,099 INFO [StartBootstrapCommand] o.a.n.b.c.ApplicationProcessStatusBootstrapCommand Application Process [20400] running
2025-07-07 13:39:25,098 INFO [StartBootstrapCommand] o.a.n.b.c.ApplicationProcessStatusBootstrapCommand Application Process [20400] running
2025-07-07 13:39:30,098 INFO [StartBootstrapCommand] o.a.n.b.c.ApplicationProcessStatusBootstrapCommand Application Process [20400] running
2025-07-07 13:39:35,098 INFO [StartBootstrapCommand] o.a.n.b.c.ApplicationProcessStatusBootstrapCommand Application Process [20400] running
2025-07-07 13:39:40,098 INFO [StartBootstrapCommand] o.a.n.b.c.ApplicationProcessStatusBootstrapCommand Application Process [20400] running
2025-07-07 13:39:45,099 INFO [StartBootstrapCommand] o.a.n.b.c.ApplicationProcessStatusBootstrapCommand Application Process [20400] running
2025-07-07 13:39:50,115 INFO [StartBootstrapCommand] o.a.n.b.c.ApplicationProcessStatusBootstrapCommand Application Process [20400] running
2025-07-07 13:39:55,099 INFO [StartBootstrapCommand] o.a.n.b.c.ApplicationProcessStatusBootstrapCommand Application Process [20400] running
2025-07-07 13:40:00,100 INFO [StartBootstrapCommand] o.a.n.b.c.ApplicationProcessStatusBootstrapCommand Application Process [20400] running
2025-07-07 13:40:05,101 INFO [StartBootstrapCommand] o.a.n.b.c.ApplicationProcessStatusBootstrapCommand Application Process [20400] running
2025-07-07 13:40:10,099 INFO [StartBootstrapCommand] o.a.n.b.c.ApplicationProcessStatusBootstrapCommand Application Process [20400] running
2025-07-07 13:40:15,099 INFO [StartBootstrapCommand] o.a.n.b.c.ApplicationProcessStatusBootstrapCommand Application Process [20400] running
2025-07-07 13:40:20,098 INFO [StartBootstrapCommand] o.a.n.b.c.ApplicationProcessStatusBootstrapCommand Application Process [20400] running
2025-07-07 13:40:25,099 INFO [StartBootstrapCommand] o.a.n.b.c.ApplicationProcessStatusBootstrapCommand Application Process [20400] running
2025-07-07 13:40:30,099 INFO [StartBootstrapCommand] o.a.n.b.c.ApplicationProcessStatusBootstrapCommand Application Process [20400] running
2025-07-07 13:40:35,100 INFO [StartBootstrapCommand] o.a.n.b.c.ApplicationProcessStatusBootstrapCommand Application Process [20400] running
2025-07-07 13:40:40,098 INFO [StartBootstrapCommand] o.a.n.b.c.ApplicationProcessStatusBootstrapCommand Application Process [20400] running
2025-07-07 13:40:45,098 INFO [StartBootstrapCommand] o.a.n.b.c.ApplicationProcessStatusBootstrapCommand Application Process [20400] running
2025-07-07 13:40:50,100 INFO [StartBootstrapCommand] o.a.n.b.c.ApplicationProcessStatusBootstrapCommand Application Process [20400] running
2025-07-07 13:40:55,098 INFO [StartBootstrapCommand] o.a.n.b.c.ApplicationProcessStatusBootstrapCommand Application Process [20400] running
2025-07-07 13:41:00,098 INFO [StartBootstrapCommand] o.a.n.b.c.ApplicationProcessStatusBootstrapCommand Application Process [20400] running
2025-07-07 13:41:05,098 INFO [StartBootstrapCommand] o.a.n.b.c.ApplicationProcessStatusBootstrapCommand Application Process [20400] running
2025-07-07 13:41:10,097 INFO [StartBootstrapCommand] o.a.n.b.c.ApplicationProcessStatusBootstrapCommand Application Process [20400] running
2025-07-07 13:41:15,098 INFO [StartBootstrapCommand] o.a.n.b.c.ApplicationProcessStatusBootstrapCommand Application Process [20400] running
2025-07-07 13:41:20,098 INFO [StartBootstrapCommand] o.a.n.b.c.ApplicationProcessStatusBootstrapCommand Application Process [20400] running
2025-07-07 13:41:25,098 INFO [StartBootstrapCommand] o.a.n.b.c.ApplicationProcessStatusBootstrapCommand Application Process [20400] running
2025-07-07 13:41:30,098 INFO [StartBootstrapCommand] o.a.n.b.c.ApplicationProcessStatusBootstrapCommand Application Process [20400] running
2025-07-07 13:41:35,098 INFO [StartBootstrapCommand] o.a.n.b.c.ApplicationProcessStatusBootstrapCommand Application Process [20400] running
2025-07-07 13:41:40,099 INFO [StartBootstrapCommand] o.a.n.b.c.ApplicationProcessStatusBootstrapCommand Application Process [20400] running
2025-07-07 13:41:45,099 INFO [StartBootstrapCommand] o.a.n.b.c.ApplicationProcessStatusBootstrapCommand Application Process [20400] running
2025-07-07 13:41:50,098 INFO [StartBootstrapCommand] o.a.n.b.c.ApplicationProcessStatusBootstrapCommand Application Process [20400] running
2025-07-07 13:41:55,098 INFO [StartBootstrapCommand] o.a.n.b.c.ApplicationProcessStatusBootstrapCommand Application Process [20400] running
2025-07-07 13:42:00,098 INFO [StartBootstrapCommand] o.a.n.b.c.ApplicationProcessStatusBootstrapCommand Application Process [20400] running
2025-07-07 13:42:05,098 INFO [StartBootstrapCommand] o.a.n.b.c.ApplicationProcessStatusBootstrapCommand Application Process [20400] running
2025-07-07 13:42:10,098 INFO [StartBootstrapCommand] o.a.n.b.c.ApplicationProcessStatusBootstrapCommand Application Process [20400] running
2025-07-07 13:42:15,098 INFO [StartBootstrapCommand] o.a.n.b.c.ApplicationProcessStatusBootstrapCommand Application Process [20400] running
2025-07-07 13:42:20,099 INFO [StartBootstrapCommand] o.a.n.b.c.ApplicationProcessStatusBootstrapCommand Application Process [20400] running
2025-07-07 13:42:25,099 INFO [StartBootstrapCommand] o.a.n.b.c.ApplicationProcessStatusBootstrapCommand Application Process [20400] running
2025-07-07 13:42:30,098 INFO [StartBootstrapCommand] o.a.n.b.c.ApplicationProcessStatusBootstrapCommand Application Process [20400] running
2025-07-07 13:42:35,098 INFO [StartBootstrapCommand] o.a.n.b.c.ApplicationProcessStatusBootstrapCommand Application Process [20400] running
2025-07-07 13:42:40,099 INFO [StartBootstrapCommand] o.a.n.b.c.ApplicationProcessStatusBootstrapCommand Application Process [20400] running
2025-07-07 13:42:45,098 INFO [StartBootstrapCommand] o.a.n.b.c.ApplicationProcessStatusBootstrapCommand Application Process [20400] running
2025-07-07 13:42:50,098 INFO [StartBootstrapCommand] o.a.n.b.c.ApplicationProcessStatusBootstrapCommand Application Process [20400] running
2025-07-07 13:42:55,098 INFO [StartBootstrapCommand] o.a.n.b.c.ApplicationProcessStatusBootstrapCommand Application Process [20400] running
2025-07-07 13:43:00,100 INFO [StartBootstrapCommand] o.a.n.b.c.ApplicationProcessStatusBootstrapCommand Application Process [20400] running
2025-07-07 13:43:05,098 INFO [StartBootstrapCommand] o.a.n.b.c.ApplicationProcessStatusBootstrapCommand Application Process [20400] running
2025-07-07 13:43:10,099 INFO [StartBootstrapCommand] o.a.n.b.c.ApplicationProcessStatusBootstrapCommand Application Process [20400] running
2025-07-07 13:43:15,099 INFO [StartBootstrapCommand] o.a.n.b.c.ApplicationProcessStatusBootstrapCommand Application Process [20400] running
2025-07-07 13:43:20,099 INFO [StartBootstrapCommand] o.a.n.b.c.ApplicationProcessStatusBootstrapCommand Application Process [20400] running
2025-07-07 13:43:25,099 INFO [StartBootstrapCommand] o.a.n.b.c.ApplicationProcessStatusBootstrapCommand Application Process [20400] running
2025-07-07 13:43:30,099 INFO [StartBootstrapCommand] o.a.n.b.c.ApplicationProcessStatusBootstrapCommand Application Process [20400] running
2025-07-07 13:43:35,098 INFO [StartBootstrapCommand] o.a.n.b.c.ApplicationProcessStatusBootstrapCommand Application Process [20400] running
2025-07-07 13:43:40,098 INFO [StartBootstrapCommand] o.a.n.b.c.ApplicationProcessStatusBootstrapCommand Application Process [20400] running
2025-07-07 13:43:45,099 INFO [StartBootstrapCommand] o.a.n.b.c.ApplicationProcessStatusBootstrapCommand Application Process [20400] running
2025-07-07 13:43:50,099 INFO [StartBootstrapCommand] o.a.n.b.c.ApplicationProcessStatusBootstrapCommand Application Process [20400] running
2025-07-07 13:43:55,099 INFO [StartBootstrapCommand] o.a.n.b.c.ApplicationProcessStatusBootstrapCommand Application Process [20400] running
2025-07-07 13:44:00,098 INFO [StartBootstrapCommand] o.a.n.b.c.ApplicationProcessStatusBootstrapCommand Application Process [20400] running
2025-07-07 13:44:05,100 INFO [StartBootstrapCommand] o.a.n.b.c.ApplicationProcessStatusBootstrapCommand Application Process [20400] running
2025-07-07 13:44:10,139 INFO [StartBootstrapCommand] o.a.n.b.c.ApplicationProcessStatusBootstrapCommand Application Process [20400] running
2025-07-07 13:44:15,100 INFO [StartBootstrapCommand] o.a.n.b.c.ApplicationProcessStatusBootstrapCommand Application Process [20400] running
2025-07-07 13:44:20,100 INFO [StartBootstrapCommand] o.a.n.b.c.ApplicationProcessStatusBootstrapCommand Application Process [20400] running
2025-07-07 13:44:25,099 INFO [StartBootstrapCommand] o.a.n.b.c.ApplicationProcessStatusBootstrapCommand Application Process [20400] running
2025-07-07 13:44:30,099 INFO [StartBootstrapCommand] o.a.n.b.c.ApplicationProcessStatusBootstrapCommand Application Process [20400] running
2025-07-07 13:44:35,099 INFO [StartBootstrapCommand] o.a.n.b.c.ApplicationProcessStatusBootstrapCommand Application Process [20400] running
2025-07-07 13:44:40,099 INFO [StartBootstrapCommand] o.a.n.b.c.ApplicationProcessStatusBootstrapCommand Application Process [20400] running
2025-07-07 13:44:45,100 INFO [StartBootstrapCommand] o.a.n.b.c.ApplicationProcessStatusBootstrapCommand Application Process [20400] running
2025-07-07 13:44:50,098 INFO [StartBootstrapCommand] o.a.n.b.c.ApplicationProcessStatusBootstrapCommand Application Process [20400] running
2025-07-07 13:44:55,099 INFO [StartBootstrapCommand] o.a.n.b.c.ApplicationProcessStatusBootstrapCommand Application Process [20400] running
2025-07-07 13:45:00,098 INFO [StartBootstrapCommand] o.a.n.b.c.ApplicationProcessStatusBootstrapCommand Application Process [20400] running
2025-07-07 13:45:05,099 INFO [StartBootstrapCommand] o.a.n.b.c.ApplicationProcessStatusBootstrapCommand Application Process [20400] running
2025-07-07 13:45:10,099 INFO [StartBootstrapCommand] o.a.n.b.c.ApplicationProcessStatusBootstrapCommand Application Process [20400] running
2025-07-07 13:45:15,099 INFO [StartBootstrapCommand] o.a.n.b.c.ApplicationProcessStatusBootstrapCommand Application Process [20400] running
2025-07-07 13:45:20,098 INFO [StartBootstrapCommand] o.a.n.b.c.ApplicationProcessStatusBootstrapCommand Application Process [20400] running
2025-07-07 13:45:25,099 INFO [StartBootstrapCommand] o.a.n.b.c.ApplicationProcessStatusBootstrapCommand Application Process [20400] running
2025-07-07 13:45:30,099 INFO [StartBootstrapCommand] o.a.n.b.c.ApplicationProcessStatusBootstrapCommand Application Process [20400] running
2025-07-07 13:45:35,098 INFO [StartBootstrapCommand] o.a.n.b.c.ApplicationProcessStatusBootstrapCommand Application Process [20400] running
2025-07-07 13:45:40,099 INFO [StartBootstrapCommand] o.a.n.b.c.ApplicationProcessStatusBootstrapCommand Application Process [20400] running
2025-07-07 13:45:45,099 INFO [StartBootstrapCommand] o.a.n.b.c.ApplicationProcessStatusBootstrapCommand Application Process [20400] running
2025-07-07 13:45:50,099 INFO [StartBootstrapCommand] o.a.n.b.c.ApplicationProcessStatusBootstrapCommand Application Process [20400] running
2025-07-07 13:45:55,099 INFO [StartBootstrapCommand] o.a.n.b.c.ApplicationProcessStatusBootstrapCommand Application Process [20400] running
2025-07-07 13:46:00,099 INFO [StartBootstrapCommand] o.a.n.b.c.ApplicationProcessStatusBootstrapCommand Application Process [20400] running
2025-07-07 13:46:05,099 INFO [StartBootstrapCommand] o.a.n.b.c.ApplicationProcessStatusBootstrapCommand Application Process [20400] running
2025-07-07 13:46:10,099 INFO [StartBootstrapCommand] o.a.n.b.c.ApplicationProcessStatusBootstrapCommand Application Process [20400] running
2025-07-07 13:46:15,098 INFO [StartBootstrapCommand] o.a.n.b.c.ApplicationProcessStatusBootstrapCommand Application Process [20400] running
2025-07-07 13:46:20,099 INFO [StartBootstrapCommand] o.a.n.b.c.ApplicationProcessStatusBootstrapCommand Application Process [20400] running
2025-07-07 13:46:25,100 INFO [StartBootstrapCommand] o.a.n.b.c.ApplicationProcessStatusBootstrapCommand Application Process [20400] running
2025-07-07 13:46:30,100 INFO [StartBootstrapCommand] o.a.n.b.c.ApplicationProcessStatusBootstrapCommand Application Process [20400] running
2025-07-07 13:46:35,100 INFO [StartBootstrapCommand] o.a.n.b.c.ApplicationProcessStatusBootstrapCommand Application Process [20400] running
2025-07-07 13:46:40,098 INFO [StartBootstrapCommand] o.a.n.b.c.ApplicationProcessStatusBootstrapCommand Application Process [20400] running
2025-07-07 13:46:45,102 INFO [StartBootstrapCommand] o.a.n.b.c.ApplicationProcessStatusBootstrapCommand Application Process [20400] running
2025-07-07 13:46:50,099 INFO [StartBootstrapCommand] o.a.n.b.c.ApplicationProcessStatusBootstrapCommand Application Process [20400] running
2025-07-07 13:46:55,099 INFO [StartBootstrapCommand] o.a.n.b.c.ApplicationProcessStatusBootstrapCommand Application Process [20400] running
2025-07-07 13:47:00,100 INFO [StartBootstrapCommand] o.a.n.b.c.ApplicationProcessStatusBootstrapCommand Application Process [20400] running
2025-07-07 13:47:05,098 INFO [StartBootstrapCommand] o.a.n.b.c.ApplicationProcessStatusBootstrapCommand Application Process [20400] running
2025-07-07 13:47:10,100 INFO [StartBootstrapCommand] o.a.n.b.c.ApplicationProcessStatusBootstrapCommand Application Process [20400] running
2025-07-07 13:47:15,099 INFO [StartBootstrapCommand] o.a.n.b.c.ApplicationProcessStatusBootstrapCommand Application Process [20400] running
2025-07-07 13:47:20,100 INFO [StartBootstrapCommand] o.a.n.b.c.ApplicationProcessStatusBootstrapCommand Application Process [20400] running
2025-07-07 13:47:25,099 INFO [StartBootstrapCommand] o.a.n.b.c.ApplicationProcessStatusBootstrapCommand Application Process [20400] running
2025-07-07 13:47:30,100 INFO [StartBootstrapCommand] o.a.n.b.c.ApplicationProcessStatusBootstrapCommand Application Process [20400] running
2025-07-07 13:47:35,099 INFO [StartBootstrapCommand] o.a.n.b.c.ApplicationProcessStatusBootstrapCommand Application Process [20400] running
2025-07-07 13:47:40,099 INFO [StartBootstrapCommand] o.a.n.b.c.ApplicationProcessStatusBootstrapCommand Application Process [20400] running
2025-07-07 13:47:45,100 INFO [StartBootstrapCommand] o.a.n.b.c.ApplicationProcessStatusBootstrapCommand Application Process [20400] running
